24/11/2025 - 18:57:59 [INFO] YpfRuta 2: Creando instancia
24/11/2025 - 18:57:59 [INFO] Gestor actor iniciado
24/11/2025 - 18:57:59 [INFO] YpfRuta 2: Intentando conectar a peers...
24/11/2025 - 18:57:59 [INFO] YpfRuta 2: Escuchando conexiones entrantes de peers...
24/11/2025 - 18:57:59 [DEBUG] YpfRuta 2: Iniciando procesador de cola de ventas...
24/11/2025 - 18:57:59 [INFO] YpfRuta 2: Peer 3 iniciado.
24/11/2025 - 18:57:59 [INFO] YpfRuta 2: Peer 1 iniciado.
24/11/2025 - 18:57:59 [INFO] YpfPeer 3: Iniciado correctamente.
24/11/2025 - 18:57:59 [DEBUG] YpfPeer 3: Iniciando ping loop...
24/11/2025 - 18:57:59 [INFO] YpfPeer 1: Iniciado correctamente.
24/11/2025 - 18:57:59 [DEBUG] YpfPeer 1: Iniciando ping loop...
24/11/2025 - 18:57:59 [DEBUG] YpfRuta 2: Socket del peer 3 está listo
24/11/2025 - 18:57:59 [DEBUG] YpfRuta 2: Socket del peer 1 está listo
24/11/2025 - 18:57:59 [DEBUG] YpfPeer 3: Iniciando tarea de escritura del socket...
24/11/2025 - 18:57:59 [DEBUG] YpfPeer 1: Iniciando tarea de escritura del socket...
24/11/2025 - 18:57:59 [DEBUG] YpfPeer 3: Iniciando tarea de lectura del socket...
24/11/2025 - 18:57:59 [DEBUG] YpfPeer 1: Iniciando tarea de lectura del socket...
24/11/2025 - 18:57:59 [DEBUG] YpfRuta 2: Recibido anuncio de COORDINATOR del nodo 3
24/11/2025 - 18:57:59 [INFO] YpfRuta 2: Nodo 3 es el nuevo líder.
24/11/2025 - 18:58:29 [INFO] Gestor: estado persistido periódicamente
24/11/2025 - 18:58:29 [DEBUG] YpfPeer 3: PING enviado.
24/11/2025 - 18:58:29 [DEBUG] YpfPeer 1: PING enviado.
24/11/2025 - 18:58:29 [DEBUG] YpfPeer 1: Ping recibido.
24/11/2025 - 18:58:29 [DEBUG] YpfPeer 1: Pong enviado exitosamente
24/11/2025 - 18:58:29 [DEBUG] YpfPeer 3: Ping recibido.
24/11/2025 - 18:58:29 [DEBUG] YpfPeer 3: Pong enviado exitosamente
24/11/2025 - 18:58:29 [DEBUG] YpfPeer 3: Pong recibido.
24/11/2025 - 18:58:29 [DEBUG] YpfPeer 1: Pong recibido.
24/11/2025 - 18:58:59 [INFO] Gestor: estado persistido periódicamente
24/11/2025 - 18:58:59 [DEBUG] YpfPeer 3: PING enviado.
24/11/2025 - 18:58:59 [DEBUG] YpfPeer 1: PING enviado.
24/11/2025 - 18:58:59 [DEBUG] YpfPeer 3: Ping recibido.
24/11/2025 - 18:58:59 [DEBUG] YpfPeer 3: Pong enviado exitosamente
24/11/2025 - 18:58:59 [DEBUG] YpfPeer 1: Ping recibido.
24/11/2025 - 18:58:59 [DEBUG] YpfPeer 1: Pong enviado exitosamente
24/11/2025 - 18:58:59 [DEBUG] YpfPeer 1: Pong recibido.
24/11/2025 - 18:58:59 [DEBUG] YpfPeer 3: Pong recibido.
24/11/2025 - 18:59:29 [INFO] Gestor: estado persistido periódicamente
24/11/2025 - 18:59:29 [DEBUG] YpfPeer 3: PING enviado.
24/11/2025 - 18:59:29 [DEBUG] YpfPeer 1: PING enviado.
24/11/2025 - 18:59:29 [DEBUG] YpfPeer 1: Ping recibido.
24/11/2025 - 18:59:29 [DEBUG] YpfPeer 1: Pong enviado exitosamente
24/11/2025 - 18:59:29 [DEBUG] YpfPeer 3: Ping recibido.
24/11/2025 - 18:59:29 [DEBUG] YpfPeer 3: Pong enviado exitosamente
24/11/2025 - 18:59:29 [DEBUG] YpfPeer 3: Pong recibido.
24/11/2025 - 18:59:29 [DEBUG] YpfPeer 1: Pong recibido.
24/11/2025 - 18:59:58 [WARN] YpfPeer 3: Conexión cerrada por el peer remoto.
24/11/2025 - 18:59:58 [WARN] YpfRuta 2: Peer 3 desconectado.
24/11/2025 - 18:59:58 [INFO] YpfRuta 2: El líder 3 se ha desconectado. Iniciando elección Bully.
24/11/2025 - 18:59:58 [INFO] YpfRuta 2: Iniciando elección Bully
24/11/2025 - 18:59:58 [INFO] YpfRuta 2: No hay nodos con ID mayor. Me declaro líder.
24/11/2025 - 18:59:58 [INFO] YpfRuta 2: Soy el nuevo LÍDER
24/11/2025 - 18:59:58 [INFO] YpfRuta 2: Enviando COORDINATOR al peer 1
24/11/2025 - 18:59:58 [DEBUG] YpfPeer 1: Recibido nuevo líder: 2
24/11/2025 - 18:59:58 [DEBUG] YpfPeer 1: Enviando nuevo líder al socket: byte[0] = 52
24/11/2025 - 18:59:59 [INFO] Gestor: estado persistido periódicamente
24/11/2025 - 18:59:59 [DEBUG] YpfPeer 3: PING enviado.
24/11/2025 - 18:59:59 [DEBUG] YpfPeer 1: PING enviado.
24/11/2025 - 18:59:59 [DEBUG] YpfPeer 1: Ping recibido.
24/11/2025 - 18:59:59 [DEBUG] YpfPeer 1: Pong enviado exitosamente
24/11/2025 - 18:59:59 [DEBUG] YpfPeer 1: Pong recibido.
24/11/2025 - 20:17:37 [INFO] YpfRuta 2: Creando instancia
24/11/2025 - 20:17:37 [INFO] Gestor actor iniciado
24/11/2025 - 20:17:37 [INFO] YpfRuta 2: Intentando conectar a peers...
24/11/2025 - 20:17:37 [INFO] YpfRuta 2: Escuchando conexiones entrantes de peers...
24/11/2025 - 20:17:37 [DEBUG] YpfRuta 2: Iniciando procesador de cola de ventas...
24/11/2025 - 20:17:37 [ERROR] YpfPeer 3: Error al obtener socket - No se pudo conectar al YpfPeer 3: Connection refused (os error 111)
24/11/2025 - 20:17:37 [INFO] YpfRuta 2: Peer 3 iniciado.
24/11/2025 - 20:17:37 [INFO] YpfPeer 3: Iniciado correctamente.
24/11/2025 - 20:17:37 [WARN] YpfPeer 3: No se puede iniciar el ping loop sin un socket válido.
24/11/2025 - 20:17:37 [INFO] YpfRuta 2: Peer 1 iniciado.
24/11/2025 - 20:17:37 [INFO] YpfPeer 1: Iniciado correctamente.
24/11/2025 - 20:17:37 [DEBUG] YpfPeer 1: Iniciando ping loop...
24/11/2025 - 20:17:37 [DEBUG] YpfRuta 2: Socket del peer 1 está listo
24/11/2025 - 20:17:37 [DEBUG] YpfPeer 1: Iniciando tarea de escritura del socket...
24/11/2025 - 20:17:37 [DEBUG] YpfPeer 1: Iniciando tarea de lectura del socket...
24/11/2025 - 20:17:43 [DEBUG] YpfRuta 2: Línea recibida del socket entrante: 
24/11/2025 - 20:17:43 [ERROR] YpfRuta 2: Formato de mensaje inválido. Se esperaba: ID_LOCAL:<ID>, recibido: 
24/11/2025 - 20:17:43 [DEBUG] YpfRuta 2: Línea recibida del socket entrante: ID_LOCAL:3
24/11/2025 - 20:17:43 [DEBUG] YpfRuta 2: Conexión entrante del peer 3
24/11/2025 - 20:17:43 [DEBUG] YpfRuta 2: Peer 3 ya existe, enviando socket
24/11/2025 - 20:17:43 [DEBUG] YpfPeer 3: Guardando socket entrante...
24/11/2025 - 20:17:43 [DEBUG] YpfPeer 3: Iniciando ping loop...
24/11/2025 - 20:17:43 [DEBUG] YpfPeer 3: Socket guardado exitosamente.
24/11/2025 - 20:17:43 [DEBUG] YpfRuta 2: Socket del peer 3 está listo
24/11/2025 - 20:17:43 [DEBUG] YpfPeer 3: Iniciando tarea de escritura del socket...
24/11/2025 - 20:17:43 [DEBUG] YpfPeer 3: Iniciando tarea de lectura del socket...
24/11/2025 - 20:17:43 [DEBUG] YpfRuta 2: Recibido anuncio de COORDINATOR del nodo 3
24/11/2025 - 20:17:43 [INFO] YpfRuta 2: Nodo 3 es el nuevo líder.
24/11/2025 - 20:18:07 [INFO] Gestor: estado persistido periódicamente
24/11/2025 - 20:18:07 [DEBUG] YpfPeer 1: PING enviado.
24/11/2025 - 20:18:07 [DEBUG] YpfPeer 1: Ping recibido.
24/11/2025 - 20:18:07 [DEBUG] YpfPeer 1: Pong enviado exitosamente
24/11/2025 - 20:18:07 [DEBUG] YpfPeer 1: Pong recibido.
24/11/2025 - 20:18:13 [DEBUG] YpfPeer 3: PING enviado.
24/11/2025 - 20:18:13 [DEBUG] YpfPeer 3: Ping recibido.
24/11/2025 - 20:18:13 [DEBUG] YpfPeer 3: Pong enviado exitosamente
24/11/2025 - 20:18:13 [DEBUG] YpfPeer 3: Pong recibido.
24/11/2025 - 20:18:25 [WARN] YpfPeer 3: Conexión cerrada por el peer remoto.
24/11/2025 - 20:18:25 [WARN] YpfRuta 2: Peer 3 desconectado.
24/11/2025 - 20:18:25 [INFO] YpfRuta 2: El líder 3 se ha desconectado. Iniciando elección Bully.
24/11/2025 - 20:18:25 [INFO] YpfRuta 2: Iniciando elección Bully
24/11/2025 - 20:18:25 [INFO] YpfRuta 2: No hay nodos con ID mayor. Me declaro líder.
24/11/2025 - 20:18:25 [INFO] YpfRuta 2: Soy el nuevo LÍDER
24/11/2025 - 20:18:25 [INFO] YpfRuta 2: Enviando COORDINATOR al peer 1
24/11/2025 - 20:18:25 [DEBUG] YpfPeer 1: Recibido nuevo líder: 2
24/11/2025 - 20:18:25 [DEBUG] YpfPeer 1: Enviando nuevo líder al socket: byte[0] = 52
24/11/2025 - 20:18:25 [INFO] YpfRuta 2: Recibido ELECCION del nodo 1
24/11/2025 - 20:18:25 [INFO] YpfRuta 2: Enviando OK al nodo 1 e iniciando mi propia elección
24/11/2025 - 20:18:25 [INFO] YpfRuta 2: Iniciando elección Bully
24/11/2025 - 20:18:25 [INFO] YpfRuta 2: No hay nodos con ID mayor. Me declaro líder.
24/11/2025 - 20:18:25 [INFO] YpfRuta 2: Soy el nuevo LÍDER
24/11/2025 - 20:18:25 [INFO] YpfRuta 2: Enviando COORDINATOR al peer 1
24/11/2025 - 20:18:25 [DEBUG] YpfPeer 1: Recibido nuevo líder: 2
24/11/2025 - 20:18:25 [DEBUG] YpfPeer 1: Enviando nuevo líder al socket: byte[0] = 52
24/11/2025 - 22:01:25 [INFO] YpfRuta 2: Creando instancia
24/11/2025 - 22:01:25 [INFO] Gestor actor iniciado
24/11/2025 - 22:01:25 [INFO] YpfRuta 2: Intentando conectar a peers...
24/11/2025 - 22:01:25 [INFO] YpfRuta 2: Escuchando conexiones entrantes de peers...
24/11/2025 - 22:01:25 [DEBUG] YpfRuta 2: Iniciando procesador de cola de ventas...
24/11/2025 - 22:01:25 [ERROR] YpfPeer 1: Error al obtener socket - No se pudo conectar al YpfPeer 1: Connection refused (os error 111)
24/11/2025 - 22:01:25 [INFO] YpfRuta 2: Peer 1 iniciado.
24/11/2025 - 22:01:25 [ERROR] YpfPeer 3: Error al obtener socket - No se pudo conectar al YpfPeer 3: Connection refused (os error 111)
24/11/2025 - 22:01:25 [INFO] YpfRuta 2: Peer 3 iniciado.
24/11/2025 - 22:01:25 [INFO] YpfPeer 1: Iniciado correctamente.
24/11/2025 - 22:01:25 [WARN] YpfPeer 1: No se puede iniciar el ping loop sin un socket válido.
24/11/2025 - 22:01:25 [INFO] YpfPeer 3: Iniciado correctamente.
24/11/2025 - 22:01:25 [WARN] YpfPeer 3: No se puede iniciar el ping loop sin un socket válido.
24/11/2025 - 22:01:25 [DEBUG] YpfRuta 2: Línea recibida del socket entrante: 
24/11/2025 - 22:01:25 [ERROR] YpfRuta 2: Formato de mensaje inválido. Se esperaba: ID_LOCAL:<ID>, recibido: 
24/11/2025 - 22:01:25 [DEBUG] YpfRuta 2: Línea recibida del socket entrante: ID_LOCAL:1
24/11/2025 - 22:01:25 [DEBUG] YpfRuta 2: Conexión entrante del peer 1
24/11/2025 - 22:01:25 [DEBUG] YpfRuta 2: Peer 1 ya existe, enviando socket
24/11/2025 - 22:01:25 [DEBUG] YpfPeer 1: Guardando socket entrante...
24/11/2025 - 22:01:25 [DEBUG] YpfPeer 1: Iniciando ping loop...
24/11/2025 - 22:01:25 [DEBUG] YpfPeer 1: Socket guardado exitosamente.
24/11/2025 - 22:01:25 [DEBUG] YpfRuta 2: Socket del peer 1 está listo
24/11/2025 - 22:01:25 [DEBUG] YpfPeer 1: Iniciando tarea de escritura del socket...
24/11/2025 - 22:01:25 [DEBUG] YpfPeer 1: Iniciando tarea de lectura del socket...
24/11/2025 - 22:01:25 [DEBUG] YpfRuta 2: Línea recibida del socket entrante: 
24/11/2025 - 22:01:25 [ERROR] YpfRuta 2: Formato de mensaje inválido. Se esperaba: ID_LOCAL:<ID>, recibido: 
24/11/2025 - 22:01:25 [DEBUG] YpfRuta 2: Línea recibida del socket entrante: ID_LOCAL:3
24/11/2025 - 22:01:25 [DEBUG] YpfRuta 2: Conexión entrante del peer 3
24/11/2025 - 22:01:25 [DEBUG] YpfRuta 2: Peer 3 ya existe, enviando socket
24/11/2025 - 22:01:25 [DEBUG] YpfPeer 3: Guardando socket entrante...
24/11/2025 - 22:01:25 [DEBUG] YpfPeer 3: Iniciando ping loop...
24/11/2025 - 22:01:25 [DEBUG] YpfPeer 3: Socket guardado exitosamente.
24/11/2025 - 22:01:25 [DEBUG] YpfRuta 2: Socket del peer 3 está listo
24/11/2025 - 22:01:25 [DEBUG] YpfPeer 3: Iniciando tarea de escritura del socket...
24/11/2025 - 22:01:25 [DEBUG] YpfPeer 3: Iniciando tarea de lectura del socket...
24/11/2025 - 22:01:29 [WARN] YpfPeer 3: Conexión cerrada por el peer remoto.
24/11/2025 - 22:01:29 [WARN] YpfRuta 2: Peer 3 desconectado.
25/11/2025 - 14:58:19 [INFO] YpfRuta 2: Creando instancia
25/11/2025 - 14:58:19 [INFO] Gestor actor iniciado
25/11/2025 - 14:58:19 [INFO] YpfRuta 2: Intentando conectar a peers...
25/11/2025 - 14:58:19 [INFO] YpfRuta 2: Escuchando conexiones entrantes de peers...
25/11/2025 - 14:58:19 [DEBUG] YpfRuta 2: Iniciando procesador de cola de ventas...
25/11/2025 - 14:58:19 [INFO] YpfRuta 2: Escuchando conexiones entrantes de empresas en puerto 19081
25/11/2025 - 14:58:19 [INFO] YpfRuta 2: Peer 1 iniciado.
25/11/2025 - 14:58:19 [INFO] YpfRuta 2: Peer 3 iniciado.
25/11/2025 - 14:58:19 [INFO] YpfPeer 1: Iniciado correctamente.
25/11/2025 - 14:58:19 [DEBUG] YpfPeer 1: Iniciando ping loop...
25/11/2025 - 14:58:19 [INFO] YpfPeer 3: Iniciado correctamente.
25/11/2025 - 14:58:19 [DEBUG] YpfPeer 3: Iniciando ping loop...
25/11/2025 - 14:58:19 [DEBUG] YpfRuta 2: Socket del peer 1 está listo
25/11/2025 - 14:58:19 [DEBUG] YpfRuta 2: Socket del peer 3 está listo
25/11/2025 - 14:58:19 [DEBUG] YpfPeer 1: Iniciando tarea de escritura del socket...
25/11/2025 - 14:58:19 [DEBUG] YpfPeer 3: Iniciando tarea de escritura del socket...
25/11/2025 - 14:58:19 [DEBUG] YpfPeer 1: Iniciando tarea de lectura del socket...
25/11/2025 - 14:58:19 [DEBUG] YpfPeer 3: Iniciando tarea de lectura del socket...
25/11/2025 - 14:58:19 [DEBUG] YpfRuta 2: Recibido anuncio de COORDINATOR del nodo 3
25/11/2025 - 14:58:19 [INFO] YpfRuta 2: Nodo 3 es el nuevo líder.
25/11/2025 - 14:58:20 [DEBUG] YpfRuta 2: Línea recibida del socket entrante: 
25/11/2025 - 14:58:20 [ERROR] YpfRuta 2: Formato de mensaje inválido. Se esperaba: ID_LOCAL:<ID>, recibido: 
25/11/2025 - 14:58:20 [DEBUG] YpfRuta 2: Línea recibida del socket entrante: ID_LOCAL:1
25/11/2025 - 14:58:20 [DEBUG] YpfRuta 2: Conexión entrante del peer 1
25/11/2025 - 14:58:20 [DEBUG] YpfRuta 2: Peer 1 ya existe, enviando socket
25/11/2025 - 14:58:20 [DEBUG] YpfPeer 1: Guardando socket entrante...
25/11/2025 - 14:58:20 [DEBUG] YpfPeer 1: Iniciando ping loop...
25/11/2025 - 14:58:20 [DEBUG] YpfPeer 1: Socket guardado exitosamente.
25/11/2025 - 14:58:20 [DEBUG] YpfRuta 2: Socket del peer 1 está listo
25/11/2025 - 14:58:20 [DEBUG] YpfPeer 1: Iniciando tarea de escritura del socket...
25/11/2025 - 14:58:20 [DEBUG] YpfPeer 1: Iniciando tarea de lectura del socket...
25/11/2025 - 14:58:49 [INFO] Gestor: estado persistido periódicamente
25/11/2025 - 14:58:49 [DEBUG] YpfPeer 1: PING enviado.
25/11/2025 - 14:58:49 [DEBUG] YpfPeer 3: PING enviado.
25/11/2025 - 14:58:49 [DEBUG] YpfPeer 1: Ping recibido.
25/11/2025 - 14:58:49 [DEBUG] YpfPeer 1: Pong enviado exitosamente
25/11/2025 - 14:58:49 [DEBUG] YpfPeer 1: Pong recibido.
25/11/2025 - 14:58:49 [DEBUG] YpfPeer 3: Ping recibido.
25/11/2025 - 14:58:49 [DEBUG] YpfPeer 3: Pong enviado exitosamente
25/11/2025 - 14:58:49 [DEBUG] YpfPeer 3: Pong recibido.
25/11/2025 - 14:58:50 [DEBUG] YpfPeer 1: PING enviado.
25/11/2025 - 14:58:50 [DEBUG] YpfPeer 1: Ping recibido.
25/11/2025 - 14:58:50 [DEBUG] YpfPeer 1: Pong enviado exitosamente
25/11/2025 - 14:58:50 [DEBUG] YpfPeer 1: Pong recibido.
25/11/2025 - 14:59:19 [INFO] Gestor: estado persistido periódicamente
25/11/2025 - 14:59:19 [DEBUG] YpfPeer 1: PING enviado.
25/11/2025 - 14:59:19 [DEBUG] YpfPeer 3: PING enviado.
25/11/2025 - 14:59:19 [DEBUG] YpfPeer 3: Ping recibido.
25/11/2025 - 14:59:19 [DEBUG] YpfPeer 3: Pong enviado exitosamente
25/11/2025 - 14:59:19 [DEBUG] YpfPeer 1: Ping recibido.
25/11/2025 - 14:59:19 [DEBUG] YpfPeer 1: Pong enviado exitosamente
25/11/2025 - 14:59:19 [DEBUG] YpfPeer 3: Pong recibido.
25/11/2025 - 14:59:19 [DEBUG] YpfPeer 1: Pong recibido.
25/11/2025 - 14:59:20 [DEBUG] YpfPeer 1: PING enviado.
25/11/2025 - 14:59:20 [DEBUG] YpfPeer 1: Ping recibido.
25/11/2025 - 14:59:20 [DEBUG] YpfPeer 1: Pong enviado exitosamente
25/11/2025 - 14:59:20 [DEBUG] YpfPeer 1: Pong recibido.
25/11/2025 - 14:59:49 [INFO] Gestor: estado persistido periódicamente
25/11/2025 - 14:59:49 [DEBUG] YpfPeer 1: PING enviado.
25/11/2025 - 14:59:49 [DEBUG] YpfPeer 3: PING enviado.
25/11/2025 - 14:59:49 [DEBUG] YpfPeer 1: Ping recibido.
25/11/2025 - 14:59:49 [DEBUG] YpfPeer 1: Pong enviado exitosamente
25/11/2025 - 14:59:49 [DEBUG] YpfPeer 3: Ping recibido.
25/11/2025 - 14:59:49 [DEBUG] YpfPeer 3: Pong enviado exitosamente
25/11/2025 - 14:59:49 [DEBUG] YpfPeer 1: Pong recibido.
25/11/2025 - 14:59:49 [DEBUG] YpfPeer 3: Pong recibido.
25/11/2025 - 14:59:50 [DEBUG] YpfPeer 1: PING enviado.
25/11/2025 - 14:59:50 [DEBUG] YpfPeer 1: Ping recibido.
25/11/2025 - 14:59:50 [DEBUG] YpfPeer 1: Pong enviado exitosamente
25/11/2025 - 14:59:50 [DEBUG] YpfPeer 1: Pong recibido.
25/11/2025 - 15:00:19 [INFO] Gestor: estado persistido periódicamente
25/11/2025 - 15:00:19 [DEBUG] YpfPeer 1: PING enviado.
25/11/2025 - 15:00:19 [DEBUG] YpfPeer 3: PING enviado.
25/11/2025 - 15:00:19 [DEBUG] YpfPeer 1: Ping recibido.
25/11/2025 - 15:00:19 [DEBUG] YpfPeer 1: Pong enviado exitosamente
25/11/2025 - 15:00:19 [DEBUG] YpfPeer 3: Ping recibido.
25/11/2025 - 15:00:19 [DEBUG] YpfPeer 3: Pong enviado exitosamente
25/11/2025 - 15:00:19 [DEBUG] YpfPeer 1: Pong recibido.
25/11/2025 - 15:00:19 [DEBUG] YpfPeer 3: Pong recibido.
25/11/2025 - 15:00:20 [DEBUG] YpfPeer 1: PING enviado.
25/11/2025 - 15:00:20 [DEBUG] YpfPeer 1: Ping recibido.
25/11/2025 - 15:00:20 [DEBUG] YpfPeer 1: Pong enviado exitosamente
25/11/2025 - 15:00:20 [DEBUG] YpfPeer 1: Pong recibido.
25/11/2025 - 15:00:49 [INFO] Gestor: estado persistido periódicamente
25/11/2025 - 15:00:49 [DEBUG] YpfPeer 1: PING enviado.
25/11/2025 - 15:00:49 [DEBUG] YpfPeer 3: PING enviado.
25/11/2025 - 15:00:49 [DEBUG] YpfPeer 1: Ping recibido.
25/11/2025 - 15:00:49 [DEBUG] YpfPeer 1: Pong enviado exitosamente
25/11/2025 - 15:00:49 [DEBUG] YpfPeer 3: Ping recibido.
25/11/2025 - 15:00:49 [DEBUG] YpfPeer 3: Pong enviado exitosamente
25/11/2025 - 15:00:49 [DEBUG] YpfPeer 1: Pong recibido.
25/11/2025 - 15:00:49 [DEBUG] YpfPeer 3: Pong recibido.
25/11/2025 - 15:00:50 [DEBUG] YpfPeer 1: PING enviado.
25/11/2025 - 15:00:50 [DEBUG] YpfPeer 1: Ping recibido.
25/11/2025 - 15:00:50 [DEBUG] YpfPeer 1: Pong enviado exitosamente
25/11/2025 - 15:00:50 [DEBUG] YpfPeer 1: Pong recibido.
25/11/2025 - 15:01:19 [INFO] Gestor: estado persistido periódicamente
25/11/2025 - 15:01:19 [DEBUG] YpfPeer 1: PING enviado.
25/11/2025 - 15:01:19 [DEBUG] YpfPeer 3: PING enviado.
25/11/2025 - 15:01:19 [DEBUG] YpfPeer 1: Ping recibido.
25/11/2025 - 15:01:19 [DEBUG] YpfPeer 1: Pong enviado exitosamente
25/11/2025 - 15:01:19 [DEBUG] YpfPeer 3: Ping recibido.
25/11/2025 - 15:01:19 [DEBUG] YpfPeer 3: Pong enviado exitosamente
25/11/2025 - 15:01:19 [DEBUG] YpfPeer 1: Pong recibido.
25/11/2025 - 15:01:19 [DEBUG] YpfPeer 3: Pong recibido.
25/11/2025 - 15:01:20 [DEBUG] YpfPeer 1: PING enviado.
25/11/2025 - 15:01:20 [DEBUG] YpfPeer 1: Ping recibido.
25/11/2025 - 15:01:20 [DEBUG] YpfPeer 1: Pong enviado exitosamente
25/11/2025 - 15:01:20 [DEBUG] YpfPeer 1: Pong recibido.
25/11/2025 - 15:01:49 [INFO] Gestor: estado persistido periódicamente
25/11/2025 - 15:01:49 [DEBUG] YpfPeer 1: PING enviado.
25/11/2025 - 15:01:49 [DEBUG] YpfPeer 3: PING enviado.
25/11/2025 - 15:01:49 [DEBUG] YpfPeer 3: Ping recibido.
25/11/2025 - 15:01:49 [DEBUG] YpfPeer 3: Pong enviado exitosamente
25/11/2025 - 15:01:49 [DEBUG] YpfPeer 1: Ping recibido.
25/11/2025 - 15:01:49 [DEBUG] YpfPeer 1: Pong enviado exitosamente
25/11/2025 - 15:01:49 [DEBUG] YpfPeer 3: Pong recibido.
25/11/2025 - 15:01:49 [DEBUG] YpfPeer 1: Pong recibido.
25/11/2025 - 15:01:50 [DEBUG] YpfPeer 1: PING enviado.
25/11/2025 - 15:01:50 [DEBUG] YpfPeer 1: Ping recibido.
25/11/2025 - 15:01:50 [DEBUG] YpfPeer 1: Pong enviado exitosamente
25/11/2025 - 15:01:50 [DEBUG] YpfPeer 1: Pong recibido.
25/11/2025 - 15:02:19 [INFO] Gestor: estado persistido periódicamente
25/11/2025 - 15:02:19 [DEBUG] YpfPeer 1: PING enviado.
25/11/2025 - 15:02:19 [DEBUG] YpfPeer 3: PING enviado.
25/11/2025 - 15:02:19 [DEBUG] YpfPeer 1: Ping recibido.
25/11/2025 - 15:02:19 [DEBUG] YpfPeer 1: Pong enviado exitosamente
25/11/2025 - 15:02:19 [DEBUG] YpfPeer 3: Ping recibido.
25/11/2025 - 15:02:19 [DEBUG] YpfPeer 3: Pong enviado exitosamente
25/11/2025 - 15:02:19 [DEBUG] YpfPeer 1: Pong recibido.
25/11/2025 - 15:02:19 [DEBUG] YpfPeer 3: Pong recibido.
25/11/2025 - 15:02:20 [DEBUG] YpfPeer 1: PING enviado.
25/11/2025 - 15:02:20 [DEBUG] YpfPeer 1: Ping recibido.
25/11/2025 - 15:02:20 [DEBUG] YpfPeer 1: Pong enviado exitosamente
25/11/2025 - 15:02:20 [DEBUG] YpfPeer 1: Pong recibido.
25/11/2025 - 15:02:49 [INFO] Gestor: estado persistido periódicamente
25/11/2025 - 15:02:49 [DEBUG] YpfPeer 1: PING enviado.
25/11/2025 - 15:02:49 [DEBUG] YpfPeer 3: PING enviado.
25/11/2025 - 15:02:49 [DEBUG] YpfPeer 1: Ping recibido.
25/11/2025 - 15:02:49 [DEBUG] YpfPeer 1: Pong enviado exitosamente
25/11/2025 - 15:02:49 [DEBUG] YpfPeer 3: Ping recibido.
25/11/2025 - 15:02:49 [DEBUG] YpfPeer 3: Pong enviado exitosamente
25/11/2025 - 15:02:49 [DEBUG] YpfPeer 1: Pong recibido.
25/11/2025 - 15:02:49 [DEBUG] YpfPeer 3: Pong recibido.
25/11/2025 - 15:02:50 [DEBUG] YpfPeer 1: PING enviado.
25/11/2025 - 15:02:50 [DEBUG] YpfPeer 1: Ping recibido.
25/11/2025 - 15:02:50 [DEBUG] YpfPeer 1: Pong enviado exitosamente
25/11/2025 - 15:02:50 [DEBUG] YpfPeer 1: Pong recibido.
25/11/2025 - 15:03:19 [INFO] Gestor: estado persistido periódicamente
25/11/2025 - 15:03:19 [DEBUG] YpfPeer 1: PING enviado.
25/11/2025 - 15:03:19 [DEBUG] YpfPeer 3: PING enviado.
25/11/2025 - 15:03:19 [DEBUG] YpfPeer 3: Ping recibido.
25/11/2025 - 15:03:19 [DEBUG] YpfPeer 3: Pong enviado exitosamente
25/11/2025 - 15:03:19 [DEBUG] YpfPeer 1: Ping recibido.
25/11/2025 - 15:03:19 [DEBUG] YpfPeer 1: Pong enviado exitosamente
25/11/2025 - 15:03:19 [DEBUG] YpfPeer 3: Pong recibido.
25/11/2025 - 15:03:19 [DEBUG] YpfPeer 1: Pong recibido.
25/11/2025 - 15:03:20 [DEBUG] YpfPeer 1: PING enviado.
25/11/2025 - 15:03:20 [DEBUG] YpfPeer 1: Ping recibido.
25/11/2025 - 15:03:20 [DEBUG] YpfPeer 1: Pong enviado exitosamente
25/11/2025 - 15:03:20 [DEBUG] YpfPeer 1: Pong recibido.
25/11/2025 - 15:03:49 [INFO] Gestor: estado persistido periódicamente
25/11/2025 - 15:03:49 [DEBUG] YpfPeer 1: PING enviado.
25/11/2025 - 15:03:49 [DEBUG] YpfPeer 3: PING enviado.
25/11/2025 - 15:03:49 [DEBUG] YpfPeer 1: Ping recibido.
25/11/2025 - 15:03:49 [DEBUG] YpfPeer 1: Pong enviado exitosamente
25/11/2025 - 15:03:49 [DEBUG] YpfPeer 3: Ping recibido.
25/11/2025 - 15:03:49 [DEBUG] YpfPeer 3: Pong enviado exitosamente
25/11/2025 - 15:03:49 [DEBUG] YpfPeer 1: Pong recibido.
25/11/2025 - 15:03:49 [DEBUG] YpfPeer 3: Pong recibido.
25/11/2025 - 15:03:50 [DEBUG] YpfPeer 1: PING enviado.
25/11/2025 - 15:03:50 [DEBUG] YpfPeer 1: Ping recibido.
25/11/2025 - 15:03:50 [DEBUG] YpfPeer 1: Pong enviado exitosamente
25/11/2025 - 15:03:50 [DEBUG] YpfPeer 1: Pong recibido.
25/11/2025 - 15:04:19 [INFO] Gestor: estado persistido periódicamente
25/11/2025 - 15:04:19 [DEBUG] YpfPeer 1: PING enviado.
25/11/2025 - 15:04:19 [DEBUG] YpfPeer 3: PING enviado.
25/11/2025 - 15:04:19 [DEBUG] YpfPeer 1: Ping recibido.
25/11/2025 - 15:04:19 [DEBUG] YpfPeer 1: Pong enviado exitosamente
25/11/2025 - 15:04:19 [DEBUG] YpfPeer 3: Ping recibido.
25/11/2025 - 15:04:19 [DEBUG] YpfPeer 3: Pong enviado exitosamente
25/11/2025 - 15:04:19 [DEBUG] YpfPeer 1: Pong recibido.
25/11/2025 - 15:04:19 [DEBUG] YpfPeer 3: Pong recibido.
25/11/2025 - 15:04:20 [DEBUG] YpfPeer 1: PING enviado.
25/11/2025 - 15:04:20 [DEBUG] YpfPeer 1: Ping recibido.
25/11/2025 - 15:04:20 [DEBUG] YpfPeer 1: Pong enviado exitosamente
25/11/2025 - 15:04:20 [DEBUG] YpfPeer 1: Pong recibido.
25/11/2025 - 15:04:49 [INFO] Gestor: estado persistido periódicamente
25/11/2025 - 15:04:49 [DEBUG] YpfPeer 1: PING enviado.
25/11/2025 - 15:04:49 [DEBUG] YpfPeer 3: PING enviado.
25/11/2025 - 15:04:49 [DEBUG] YpfPeer 1: Ping recibido.
25/11/2025 - 15:04:49 [DEBUG] YpfPeer 1: Pong enviado exitosamente
25/11/2025 - 15:04:49 [DEBUG] YpfPeer 3: Ping recibido.
25/11/2025 - 15:04:49 [DEBUG] YpfPeer 3: Pong enviado exitosamente
25/11/2025 - 15:04:49 [DEBUG] YpfPeer 1: Pong recibido.
25/11/2025 - 15:04:49 [DEBUG] YpfPeer 3: Pong recibido.
25/11/2025 - 15:04:50 [DEBUG] YpfPeer 1: PING enviado.
25/11/2025 - 15:04:50 [DEBUG] YpfPeer 1: Ping recibido.
25/11/2025 - 15:04:50 [DEBUG] YpfPeer 1: Pong enviado exitosamente
25/11/2025 - 15:04:50 [DEBUG] YpfPeer 1: Pong recibido.
25/11/2025 - 15:05:19 [INFO] Gestor: estado persistido periódicamente
25/11/2025 - 15:05:19 [DEBUG] YpfPeer 1: PING enviado.
25/11/2025 - 15:05:19 [DEBUG] YpfPeer 3: PING enviado.
25/11/2025 - 15:05:19 [DEBUG] YpfPeer 1: Ping recibido.
25/11/2025 - 15:05:19 [DEBUG] YpfPeer 1: Pong enviado exitosamente
25/11/2025 - 15:05:19 [DEBUG] YpfPeer 3: Ping recibido.
25/11/2025 - 15:05:19 [DEBUG] YpfPeer 3: Pong enviado exitosamente
25/11/2025 - 15:05:19 [DEBUG] YpfPeer 3: Pong recibido.
25/11/2025 - 15:05:19 [DEBUG] YpfPeer 1: Pong recibido.
25/11/2025 - 15:05:20 [DEBUG] YpfPeer 1: PING enviado.
25/11/2025 - 15:05:20 [DEBUG] YpfPeer 1: Ping recibido.
25/11/2025 - 15:05:20 [DEBUG] YpfPeer 1: Pong enviado exitosamente
25/11/2025 - 15:05:20 [DEBUG] YpfPeer 1: Pong recibido.
25/11/2025 - 15:05:49 [INFO] Gestor: estado persistido periódicamente
25/11/2025 - 15:05:49 [DEBUG] YpfPeer 1: PING enviado.
25/11/2025 - 15:05:49 [DEBUG] YpfPeer 3: PING enviado.
25/11/2025 - 15:05:49 [DEBUG] YpfPeer 1: Ping recibido.
25/11/2025 - 15:05:49 [DEBUG] YpfPeer 1: Pong enviado exitosamente
25/11/2025 - 15:05:49 [DEBUG] YpfPeer 3: Ping recibido.
25/11/2025 - 15:05:49 [DEBUG] YpfPeer 3: Pong enviado exitosamente
25/11/2025 - 15:05:49 [DEBUG] YpfPeer 1: Pong recibido.
25/11/2025 - 15:05:49 [DEBUG] YpfPeer 3: Pong recibido.
25/11/2025 - 15:05:50 [DEBUG] YpfPeer 1: PING enviado.
25/11/2025 - 15:05:50 [DEBUG] YpfPeer 1: Ping recibido.
25/11/2025 - 15:05:50 [DEBUG] YpfPeer 1: Pong enviado exitosamente
25/11/2025 - 15:05:50 [DEBUG] YpfPeer 1: Pong recibido.
25/11/2025 - 15:06:19 [INFO] Gestor: estado persistido periódicamente
25/11/2025 - 15:06:19 [DEBUG] YpfPeer 1: PING enviado.
25/11/2025 - 15:06:19 [DEBUG] YpfPeer 3: PING enviado.
25/11/2025 - 15:06:19 [DEBUG] YpfPeer 3: Ping recibido.
25/11/2025 - 15:06:19 [DEBUG] YpfPeer 3: Pong enviado exitosamente
25/11/2025 - 15:06:19 [DEBUG] YpfPeer 1: Ping recibido.
25/11/2025 - 15:06:19 [DEBUG] YpfPeer 1: Pong enviado exitosamente
25/11/2025 - 15:06:19 [DEBUG] YpfPeer 3: Pong recibido.
25/11/2025 - 15:06:19 [DEBUG] YpfPeer 1: Pong recibido.
25/11/2025 - 15:06:20 [DEBUG] YpfPeer 1: PING enviado.
25/11/2025 - 15:06:20 [DEBUG] YpfPeer 1: Ping recibido.
25/11/2025 - 15:06:20 [DEBUG] YpfPeer 1: Pong enviado exitosamente
25/11/2025 - 15:06:20 [DEBUG] YpfPeer 1: Pong recibido.
25/11/2025 - 15:06:49 [INFO] Gestor: estado persistido periódicamente
25/11/2025 - 15:06:49 [DEBUG] YpfPeer 1: PING enviado.
25/11/2025 - 15:06:49 [DEBUG] YpfPeer 3: PING enviado.
25/11/2025 - 15:06:49 [DEBUG] YpfPeer 3: Ping recibido.
25/11/2025 - 15:06:49 [DEBUG] YpfPeer 3: Pong enviado exitosamente
25/11/2025 - 15:06:49 [DEBUG] YpfPeer 3: Pong recibido.
25/11/2025 - 15:06:49 [DEBUG] YpfPeer 1: Ping recibido.
25/11/2025 - 15:06:49 [DEBUG] YpfPeer 1: Pong enviado exitosamente
25/11/2025 - 15:06:50 [DEBUG] YpfPeer 1: Pong recibido.
25/11/2025 - 15:06:50 [DEBUG] YpfPeer 1: PING enviado.
25/11/2025 - 15:06:50 [DEBUG] YpfPeer 1: Ping recibido.
25/11/2025 - 15:06:50 [DEBUG] YpfPeer 1: Pong enviado exitosamente
25/11/2025 - 15:06:50 [DEBUG] YpfPeer 1: Pong recibido.
25/11/2025 - 15:07:19 [INFO] Gestor: estado persistido periódicamente
25/11/2025 - 15:07:19 [DEBUG] YpfPeer 1: PING enviado.
25/11/2025 - 15:07:19 [DEBUG] YpfPeer 3: PING enviado.
25/11/2025 - 15:07:19 [DEBUG] YpfPeer 3: Ping recibido.
25/11/2025 - 15:07:19 [DEBUG] YpfPeer 3: Pong enviado exitosamente
25/11/2025 - 15:07:19 [DEBUG] YpfPeer 3: Pong recibido.
25/11/2025 - 15:07:20 [DEBUG] YpfPeer 1: Ping recibido.
25/11/2025 - 15:07:20 [DEBUG] YpfPeer 1: Pong enviado exitosamente
25/11/2025 - 15:07:20 [DEBUG] YpfPeer 1: Pong recibido.
25/11/2025 - 15:07:20 [DEBUG] YpfPeer 1: PING enviado.
25/11/2025 - 15:07:20 [DEBUG] YpfPeer 1: Ping recibido.
25/11/2025 - 15:07:20 [DEBUG] YpfPeer 1: Pong enviado exitosamente
25/11/2025 - 15:07:20 [DEBUG] YpfPeer 1: Pong recibido.
25/11/2025 - 15:07:49 [INFO] Gestor: estado persistido periódicamente
25/11/2025 - 15:07:49 [DEBUG] YpfPeer 1: PING enviado.
25/11/2025 - 15:07:49 [DEBUG] YpfPeer 3: PING enviado.
25/11/2025 - 15:07:49 [DEBUG] YpfPeer 3: Ping recibido.
25/11/2025 - 15:07:49 [DEBUG] YpfPeer 3: Pong enviado exitosamente
25/11/2025 - 15:07:49 [DEBUG] YpfPeer 3: Pong recibido.
25/11/2025 - 15:07:50 [DEBUG] YpfPeer 1: Ping recibido.
25/11/2025 - 15:07:50 [DEBUG] YpfPeer 1: Pong enviado exitosamente
25/11/2025 - 15:07:50 [DEBUG] YpfPeer 1: Pong recibido.
25/11/2025 - 15:07:50 [DEBUG] YpfPeer 1: PING enviado.
25/11/2025 - 15:07:50 [DEBUG] YpfPeer 1: Ping recibido.
25/11/2025 - 15:07:50 [DEBUG] YpfPeer 1: Pong enviado exitosamente
25/11/2025 - 15:07:50 [DEBUG] YpfPeer 1: Pong recibido.
25/11/2025 - 15:08:19 [INFO] Gestor: estado persistido periódicamente
25/11/2025 - 15:08:19 [DEBUG] YpfPeer 1: PING enviado.
25/11/2025 - 15:08:19 [DEBUG] YpfPeer 3: PING enviado.
25/11/2025 - 15:08:19 [DEBUG] YpfPeer 3: Ping recibido.
25/11/2025 - 15:08:19 [DEBUG] YpfPeer 3: Pong enviado exitosamente
25/11/2025 - 15:08:19 [DEBUG] YpfPeer 3: Pong recibido.
25/11/2025 - 15:08:19 [DEBUG] YpfPeer 1: Ping recibido.
25/11/2025 - 15:08:19 [DEBUG] YpfPeer 1: Pong enviado exitosamente
25/11/2025 - 15:08:20 [DEBUG] YpfPeer 1: Pong recibido.
25/11/2025 - 15:08:20 [DEBUG] YpfPeer 1: PING enviado.
25/11/2025 - 15:08:20 [DEBUG] YpfPeer 1: Ping recibido.
25/11/2025 - 15:08:20 [DEBUG] YpfPeer 1: Pong enviado exitosamente
25/11/2025 - 15:08:20 [DEBUG] YpfPeer 1: Pong recibido.
25/11/2025 - 15:08:49 [INFO] Gestor: estado persistido periódicamente
25/11/2025 - 15:08:49 [DEBUG] YpfPeer 1: PING enviado.
25/11/2025 - 15:08:49 [DEBUG] YpfPeer 3: PING enviado.
25/11/2025 - 15:08:49 [DEBUG] YpfPeer 3: Ping recibido.
25/11/2025 - 15:08:49 [DEBUG] YpfPeer 3: Pong enviado exitosamente
25/11/2025 - 15:08:49 [DEBUG] YpfPeer 3: Pong recibido.
25/11/2025 - 15:08:50 [DEBUG] YpfPeer 1: Ping recibido.
25/11/2025 - 15:08:50 [DEBUG] YpfPeer 1: Pong enviado exitosamente
25/11/2025 - 15:08:50 [DEBUG] YpfPeer 1: Pong recibido.
25/11/2025 - 15:08:50 [DEBUG] YpfPeer 1: PING enviado.
25/11/2025 - 15:08:50 [DEBUG] YpfPeer 1: Ping recibido.
25/11/2025 - 15:08:50 [DEBUG] YpfPeer 1: Pong enviado exitosamente
25/11/2025 - 15:08:50 [DEBUG] YpfPeer 1: Pong recibido.
25/11/2025 - 15:09:12 [ERROR] YpfPeer 1: Error leyendo del socket: An existing connection was forcibly closed by the remote host. (os error 10054)
25/11/2025 - 15:09:12 [WARN] YpfRuta 2: Peer 1 desconectado.
25/11/2025 - 15:09:12 [ERROR] YpfPeer 1: Error leyendo del socket: An existing connection was forcibly closed by the remote host. (os error 10054)
25/11/2025 - 15:09:12 [WARN] YpfRuta 2: Peer 1 desconectado.
25/11/2025 - 15:09:30 [INFO] YpfRuta 2: Creando instancia
25/11/2025 - 15:09:30 [INFO] Gestor actor iniciado
25/11/2025 - 15:09:30 [INFO] YpfRuta 2: Intentando conectar a peers...
25/11/2025 - 15:09:30 [INFO] YpfRuta 2: Escuchando conexiones entrantes de peers...
25/11/2025 - 15:09:30 [DEBUG] YpfRuta 2: Iniciando procesador de cola de ventas...
25/11/2025 - 15:09:30 [INFO] YpfRuta 2: Escuchando conexiones entrantes de empresas en puerto 19081
25/11/2025 - 15:09:30 [INFO] YpfRuta 2: Peer 3 iniciado.
25/11/2025 - 15:09:30 [INFO] YpfRuta 2: Peer 1 iniciado.
25/11/2025 - 15:09:30 [INFO] YpfPeer 3: Iniciado correctamente.
25/11/2025 - 15:09:30 [DEBUG] YpfPeer 3: Iniciando ping loop...
25/11/2025 - 15:09:30 [INFO] YpfPeer 1: Iniciado correctamente.
25/11/2025 - 15:09:30 [DEBUG] YpfPeer 1: Iniciando ping loop...
25/11/2025 - 15:09:30 [DEBUG] YpfRuta 2: Socket del peer 3 está listo
25/11/2025 - 15:09:30 [DEBUG] YpfRuta 2: Socket del peer 1 está listo
25/11/2025 - 15:09:30 [DEBUG] YpfPeer 3: Iniciando tarea de escritura del socket...
25/11/2025 - 15:09:30 [DEBUG] YpfPeer 1: Iniciando tarea de escritura del socket...
25/11/2025 - 15:09:30 [DEBUG] YpfPeer 3: Iniciando tarea de lectura del socket...
25/11/2025 - 15:09:30 [DEBUG] YpfPeer 1: Iniciando tarea de lectura del socket...
25/11/2025 - 15:09:30 [DEBUG] YpfRuta 2: Recibido anuncio de COORDINATOR del nodo 3
25/11/2025 - 15:09:30 [INFO] YpfRuta 2: Nodo 3 es el nuevo líder.
25/11/2025 - 15:09:30 [DEBUG] YpfRuta 2: Línea recibida del socket entrante: 
25/11/2025 - 15:09:30 [ERROR] YpfRuta 2: Formato de mensaje inválido. Se esperaba: ID_LOCAL:<ID>, recibido: 
25/11/2025 - 15:09:30 [DEBUG] YpfRuta 2: Línea recibida del socket entrante: ID_LOCAL:1
25/11/2025 - 15:09:30 [DEBUG] YpfRuta 2: Conexión entrante del peer 1
25/11/2025 - 15:09:30 [DEBUG] YpfRuta 2: Peer 1 ya existe, enviando socket
25/11/2025 - 15:09:30 [DEBUG] YpfPeer 1: Guardando socket entrante...
25/11/2025 - 15:09:30 [DEBUG] YpfPeer 1: Iniciando ping loop...
25/11/2025 - 15:09:30 [DEBUG] YpfPeer 1: Socket guardado exitosamente.
25/11/2025 - 15:09:30 [DEBUG] YpfRuta 2: Socket del peer 1 está listo
25/11/2025 - 15:09:30 [DEBUG] YpfPeer 1: Iniciando tarea de escritura del socket...
25/11/2025 - 15:09:30 [DEBUG] YpfPeer 1: Iniciando tarea de lectura del socket...
25/11/2025 - 15:10:00 [INFO] Gestor: estado persistido periódicamente
25/11/2025 - 15:10:00 [DEBUG] YpfPeer 3: PING enviado.
25/11/2025 - 15:10:00 [DEBUG] YpfPeer 1: PING enviado.
25/11/2025 - 15:10:00 [DEBUG] YpfPeer 1: Ping recibido.
25/11/2025 - 15:10:00 [DEBUG] YpfPeer 1: Pong enviado exitosamente
25/11/2025 - 15:10:00 [DEBUG] YpfPeer 3: Ping recibido.
25/11/2025 - 15:10:00 [DEBUG] YpfPeer 3: Pong enviado exitosamente
25/11/2025 - 15:10:00 [DEBUG] YpfPeer 1: Pong recibido.
25/11/2025 - 15:10:00 [DEBUG] YpfPeer 3: Pong recibido.
25/11/2025 - 15:10:00 [DEBUG] YpfPeer 1: PING enviado.
25/11/2025 - 15:10:00 [DEBUG] YpfPeer 1: Ping recibido.
25/11/2025 - 15:10:00 [DEBUG] YpfPeer 1: Pong enviado exitosamente
25/11/2025 - 15:10:00 [DEBUG] YpfPeer 1: Pong recibido.
25/11/2025 - 15:10:30 [INFO] Gestor: estado persistido periódicamente
25/11/2025 - 15:10:30 [DEBUG] YpfPeer 3: PING enviado.
25/11/2025 - 15:10:30 [DEBUG] YpfPeer 1: PING enviado.
25/11/2025 - 15:10:30 [DEBUG] YpfPeer 3: Ping recibido.
25/11/2025 - 15:10:30 [DEBUG] YpfPeer 3: Pong enviado exitosamente
25/11/2025 - 15:10:30 [DEBUG] YpfPeer 1: Ping recibido.
25/11/2025 - 15:10:30 [DEBUG] YpfPeer 1: Pong enviado exitosamente
25/11/2025 - 15:10:30 [DEBUG] YpfPeer 3: Pong recibido.
25/11/2025 - 15:10:30 [DEBUG] YpfPeer 1: Pong recibido.
25/11/2025 - 15:10:30 [DEBUG] YpfPeer 1: PING enviado.
25/11/2025 - 15:10:30 [DEBUG] YpfPeer 1: Ping recibido.
25/11/2025 - 15:10:30 [DEBUG] YpfPeer 1: Pong enviado exitosamente
25/11/2025 - 15:10:30 [DEBUG] YpfPeer 1: Pong recibido.
25/11/2025 - 15:11:00 [INFO] Gestor: estado persistido periódicamente
25/11/2025 - 15:11:00 [DEBUG] YpfPeer 3: PING enviado.
25/11/2025 - 15:11:00 [DEBUG] YpfPeer 1: PING enviado.
25/11/2025 - 15:11:00 [DEBUG] YpfPeer 1: Ping recibido.
25/11/2025 - 15:11:00 [DEBUG] YpfPeer 1: Pong enviado exitosamente
25/11/2025 - 15:11:00 [DEBUG] YpfPeer 3: Ping recibido.
25/11/2025 - 15:11:00 [DEBUG] YpfPeer 3: Pong enviado exitosamente
25/11/2025 - 15:11:00 [DEBUG] YpfPeer 1: Pong recibido.
25/11/2025 - 15:11:00 [DEBUG] YpfPeer 3: Pong recibido.
25/11/2025 - 15:11:00 [DEBUG] YpfPeer 1: PING enviado.
25/11/2025 - 15:11:00 [DEBUG] YpfPeer 1: Ping recibido.
25/11/2025 - 15:11:00 [DEBUG] YpfPeer 1: Pong enviado exitosamente
25/11/2025 - 15:11:00 [DEBUG] YpfPeer 1: Pong recibido.
25/11/2025 - 15:17:11 [INFO] YpfRuta 2: Creando instancia
25/11/2025 - 15:17:11 [INFO] Gestor actor iniciado
25/11/2025 - 15:17:11 [INFO] YpfRuta 2: Intentando conectar a peers...
25/11/2025 - 15:17:11 [INFO] YpfRuta 2: Escuchando conexiones entrantes de peers...
25/11/2025 - 15:17:11 [DEBUG] YpfRuta 2: Iniciando procesador de cola de ventas...
25/11/2025 - 15:17:11 [ERROR] YpfPeer 1: Error al obtener socket - No se pudo conectar al YpfPeer 1: Connection refused (os error 111)
25/11/2025 - 15:17:11 [INFO] YpfRuta 2: Peer 1 iniciado.
25/11/2025 - 15:17:11 [INFO] YpfPeer 1: Iniciado correctamente.
25/11/2025 - 15:17:11 [WARN] YpfPeer 1: No se puede iniciar el ping loop sin un socket válido.
25/11/2025 - 15:17:11 [INFO] YpfRuta 2: Peer 3 iniciado.
25/11/2025 - 15:17:11 [INFO] YpfPeer 3: Iniciado correctamente.
25/11/2025 - 15:17:11 [DEBUG] YpfPeer 3: Iniciando ping loop...
25/11/2025 - 15:17:11 [DEBUG] YpfRuta 2: Socket del peer 3 está listo
25/11/2025 - 15:17:11 [DEBUG] YpfPeer 3: Iniciando tarea de escritura del socket...
25/11/2025 - 15:17:11 [DEBUG] YpfPeer 3: Iniciando tarea de lectura del socket...
25/11/2025 - 15:17:11 [DEBUG] YpfRuta 2: Recibido anuncio de COORDINATOR del nodo 3
25/11/2025 - 15:17:11 [INFO] YpfRuta 2: Nodo 3 es el nuevo líder.
25/11/2025 - 15:17:11 [DEBUG] YpfRuta 2: Línea recibida del socket entrante: 
25/11/2025 - 15:17:11 [ERROR] YpfRuta 2: Formato de mensaje inválido. Se esperaba: ID_LOCAL:<ID>, recibido: 
25/11/2025 - 15:17:11 [DEBUG] YpfRuta 2: Línea recibida del socket entrante: ID_LOCAL:1
25/11/2025 - 15:17:11 [DEBUG] YpfRuta 2: Conexión entrante del peer 1
25/11/2025 - 15:17:11 [DEBUG] YpfRuta 2: Peer 1 ya existe, enviando socket
25/11/2025 - 15:17:11 [DEBUG] YpfPeer 1: Guardando socket entrante...
25/11/2025 - 15:17:11 [DEBUG] YpfPeer 1: Iniciando ping loop...
25/11/2025 - 15:17:11 [DEBUG] YpfPeer 1: Socket guardado exitosamente.
25/11/2025 - 15:17:11 [DEBUG] YpfRuta 2: Socket del peer 1 está listo
25/11/2025 - 15:17:11 [DEBUG] YpfPeer 1: Iniciando tarea de escritura del socket...
25/11/2025 - 15:17:11 [DEBUG] YpfPeer 1: Iniciando tarea de lectura del socket...
25/11/2025 - 15:17:41 [INFO] Gestor: estado persistido periódicamente
25/11/2025 - 15:17:41 [DEBUG] YpfPeer 3: PING enviado.
25/11/2025 - 15:17:41 [DEBUG] YpfPeer 3: Ping recibido.
25/11/2025 - 15:17:41 [DEBUG] YpfPeer 3: Pong enviado exitosamente
25/11/2025 - 15:17:41 [DEBUG] YpfPeer 3: Pong recibido.
25/11/2025 - 15:17:41 [DEBUG] YpfPeer 1: PING enviado.
25/11/2025 - 15:17:41 [DEBUG] YpfPeer 1: Ping recibido.
25/11/2025 - 15:17:41 [DEBUG] YpfPeer 1: Pong enviado exitosamente
25/11/2025 - 15:17:41 [DEBUG] YpfPeer 1: Pong recibido.
25/11/2025 - 15:18:11 [INFO] Gestor: estado persistido periódicamente
25/11/2025 - 15:18:11 [DEBUG] YpfPeer 3: PING enviado.
25/11/2025 - 15:18:11 [DEBUG] YpfPeer 3: Ping recibido.
25/11/2025 - 15:18:11 [DEBUG] YpfPeer 3: Pong enviado exitosamente
25/11/2025 - 15:18:11 [DEBUG] YpfPeer 3: Pong recibido.
25/11/2025 - 15:18:11 [DEBUG] YpfPeer 1: PING enviado.
25/11/2025 - 15:18:11 [DEBUG] YpfPeer 1: Ping recibido.
25/11/2025 - 15:18:11 [DEBUG] YpfPeer 1: Pong enviado exitosamente
25/11/2025 - 15:18:11 [DEBUG] YpfPeer 1: Pong recibido.
25/11/2025 - 15:18:41 [INFO] Gestor: estado persistido periódicamente
25/11/2025 - 15:18:41 [DEBUG] YpfPeer 3: PING enviado.
25/11/2025 - 15:18:41 [DEBUG] YpfPeer 3: Ping recibido.
25/11/2025 - 15:18:41 [DEBUG] YpfPeer 3: Pong enviado exitosamente
25/11/2025 - 15:18:41 [DEBUG] YpfPeer 3: Pong recibido.
25/11/2025 - 15:18:41 [DEBUG] YpfPeer 1: PING enviado.
25/11/2025 - 15:18:41 [DEBUG] YpfPeer 1: Ping recibido.
25/11/2025 - 15:18:41 [DEBUG] YpfPeer 1: Pong enviado exitosamente
25/11/2025 - 15:18:41 [DEBUG] YpfPeer 1: Pong recibido.
25/11/2025 - 15:19:11 [INFO] Gestor: estado persistido periódicamente
25/11/2025 - 15:19:11 [DEBUG] YpfPeer 3: PING enviado.
25/11/2025 - 15:19:11 [DEBUG] YpfPeer 3: Ping recibido.
25/11/2025 - 15:19:11 [DEBUG] YpfPeer 3: Pong enviado exitosamente
25/11/2025 - 15:19:11 [DEBUG] YpfPeer 3: Pong recibido.
25/11/2025 - 15:19:11 [DEBUG] YpfPeer 1: PING enviado.
25/11/2025 - 15:19:11 [DEBUG] YpfPeer 1: Ping recibido.
25/11/2025 - 15:19:11 [DEBUG] YpfPeer 1: Pong enviado exitosamente
25/11/2025 - 15:19:11 [DEBUG] YpfPeer 1: Pong recibido.
25/11/2025 - 15:19:41 [INFO] Gestor: estado persistido periódicamente
25/11/2025 - 15:19:41 [DEBUG] YpfPeer 3: PING enviado.
25/11/2025 - 15:19:41 [DEBUG] YpfPeer 3: Ping recibido.
25/11/2025 - 15:19:41 [DEBUG] YpfPeer 3: Pong enviado exitosamente
25/11/2025 - 15:19:41 [DEBUG] YpfPeer 3: Pong recibido.
25/11/2025 - 15:19:41 [DEBUG] YpfPeer 1: PING enviado.
25/11/2025 - 15:19:41 [DEBUG] YpfPeer 1: Ping recibido.
25/11/2025 - 15:19:41 [DEBUG] YpfPeer 1: Pong enviado exitosamente
25/11/2025 - 15:19:41 [DEBUG] YpfPeer 1: Pong recibido.
25/11/2025 - 15:20:11 [INFO] Gestor: estado persistido periódicamente
25/11/2025 - 15:20:11 [DEBUG] YpfPeer 3: PING enviado.
25/11/2025 - 15:20:11 [DEBUG] YpfPeer 3: Ping recibido.
25/11/2025 - 15:20:11 [DEBUG] YpfPeer 3: Pong enviado exitosamente
25/11/2025 - 15:20:11 [DEBUG] YpfPeer 3: Pong recibido.
25/11/2025 - 15:20:11 [DEBUG] YpfPeer 1: PING enviado.
25/11/2025 - 15:20:11 [DEBUG] YpfPeer 1: Ping recibido.
25/11/2025 - 15:20:11 [DEBUG] YpfPeer 1: Pong enviado exitosamente
25/11/2025 - 15:20:11 [DEBUG] YpfPeer 1: Pong recibido.
25/11/2025 - 15:20:41 [INFO] Gestor: estado persistido periódicamente
25/11/2025 - 15:20:41 [DEBUG] YpfPeer 3: PING enviado.
25/11/2025 - 15:20:41 [DEBUG] YpfPeer 3: Ping recibido.
25/11/2025 - 15:20:41 [DEBUG] YpfPeer 3: Pong enviado exitosamente
25/11/2025 - 15:20:41 [DEBUG] YpfPeer 3: Pong recibido.
25/11/2025 - 15:20:41 [DEBUG] YpfPeer 1: PING enviado.
25/11/2025 - 15:20:41 [DEBUG] YpfPeer 1: Ping recibido.
25/11/2025 - 15:20:41 [DEBUG] YpfPeer 1: Pong enviado exitosamente
25/11/2025 - 15:20:41 [DEBUG] YpfPeer 1: Pong recibido.
25/11/2025 - 15:21:11 [INFO] Gestor: estado persistido periódicamente
25/11/2025 - 15:21:11 [DEBUG] YpfPeer 3: PING enviado.
25/11/2025 - 15:21:11 [DEBUG] YpfPeer 3: Ping recibido.
25/11/2025 - 15:21:11 [DEBUG] YpfPeer 3: Pong enviado exitosamente
25/11/2025 - 15:21:11 [DEBUG] YpfPeer 3: Pong recibido.
25/11/2025 - 15:21:11 [DEBUG] YpfPeer 1: PING enviado.
25/11/2025 - 15:21:11 [DEBUG] YpfPeer 1: Ping recibido.
25/11/2025 - 15:21:11 [DEBUG] YpfPeer 1: Pong enviado exitosamente
25/11/2025 - 15:21:11 [DEBUG] YpfPeer 1: Pong recibido.
25/11/2025 - 15:21:41 [INFO] Gestor: estado persistido periódicamente
25/11/2025 - 15:21:41 [DEBUG] YpfPeer 3: PING enviado.
25/11/2025 - 15:21:41 [DEBUG] YpfPeer 3: Ping recibido.
25/11/2025 - 15:21:41 [DEBUG] YpfPeer 3: Pong enviado exitosamente
25/11/2025 - 15:21:41 [DEBUG] YpfPeer 3: Pong recibido.
25/11/2025 - 15:21:41 [DEBUG] YpfPeer 1: PING enviado.
25/11/2025 - 15:21:41 [DEBUG] YpfPeer 1: Ping recibido.
25/11/2025 - 15:21:41 [DEBUG] YpfPeer 1: Pong enviado exitosamente
25/11/2025 - 15:21:41 [DEBUG] YpfPeer 1: Pong recibido.
25/11/2025 - 15:22:11 [INFO] Gestor: estado persistido periódicamente
25/11/2025 - 15:22:11 [DEBUG] YpfPeer 3: PING enviado.
25/11/2025 - 15:22:11 [DEBUG] YpfPeer 3: Ping recibido.
25/11/2025 - 15:22:11 [DEBUG] YpfPeer 3: Pong enviado exitosamente
25/11/2025 - 15:22:11 [DEBUG] YpfPeer 3: Pong recibido.
25/11/2025 - 15:22:11 [DEBUG] YpfPeer 1: PING enviado.
25/11/2025 - 15:22:11 [DEBUG] YpfPeer 1: Ping recibido.
25/11/2025 - 15:22:11 [DEBUG] YpfPeer 1: Pong enviado exitosamente
25/11/2025 - 15:22:11 [DEBUG] YpfPeer 1: Pong recibido.
25/11/2025 - 15:22:12 [WARN] YpfPeer 3: Conexión cerrada por el peer remoto.
25/11/2025 - 15:22:12 [WARN] YpfRuta 2: Peer 3 desconectado.
25/11/2025 - 15:22:12 [INFO] YpfRuta 2: El líder 3 se ha desconectado. Iniciando elección Bully.
25/11/2025 - 15:22:12 [INFO] YpfRuta 2: Iniciando elección Bully
25/11/2025 - 15:22:12 [INFO] YpfRuta 2: No hay nodos con ID mayor. Me declaro líder.
25/11/2025 - 15:22:12 [INFO] YpfRuta 2: Soy el nuevo LÍDER
25/11/2025 - 15:22:12 [INFO] YpfRuta 2: Enviando COORDINATOR al peer 1
25/11/2025 - 15:22:12 [DEBUG] YpfPeer 1: Recibido nuevo líder: 2
25/11/2025 - 15:22:12 [DEBUG] YpfPeer 1: Enviando nuevo líder al socket: byte[0] = 52
25/11/2025 - 15:22:12 [INFO] YpfRuta 2: Recibido ELECCION del nodo 1
25/11/2025 - 15:22:12 [INFO] YpfRuta 2: Enviando OK al nodo 1 e iniciando mi propia elección
25/11/2025 - 15:22:12 [INFO] YpfRuta 2: Iniciando elección Bully
25/11/2025 - 15:22:12 [INFO] YpfRuta 2: No hay nodos con ID mayor. Me declaro líder.
25/11/2025 - 15:22:12 [INFO] YpfRuta 2: Soy el nuevo LÍDER
25/11/2025 - 15:22:12 [INFO] YpfRuta 2: Enviando COORDINATOR al peer 1
25/11/2025 - 15:22:12 [DEBUG] YpfPeer 1: Recibido nuevo líder: 2
25/11/2025 - 15:22:12 [DEBUG] YpfPeer 1: Enviando nuevo líder al socket: byte[0] = 52
25/11/2025 - 15:22:20 [INFO] YpfRuta 2: Creando instancia
25/11/2025 - 15:22:20 [INFO] Gestor actor iniciado
25/11/2025 - 15:22:20 [INFO] YpfRuta 2: Intentando conectar a peers...
25/11/2025 - 15:22:20 [INFO] YpfRuta 2: Escuchando conexiones entrantes de peers...
25/11/2025 - 15:22:20 [DEBUG] YpfRuta 2: Iniciando procesador de cola de ventas...
25/11/2025 - 15:22:20 [ERROR] YpfPeer 1: Error al obtener socket - No se pudo conectar al YpfPeer 1: Connection refused (os error 111)
25/11/2025 - 15:22:20 [INFO] YpfRuta 2: Peer 1 iniciado.
25/11/2025 - 15:22:20 [INFO] YpfPeer 1: Iniciado correctamente.
25/11/2025 - 15:22:20 [WARN] YpfPeer 1: No se puede iniciar el ping loop sin un socket válido.
25/11/2025 - 15:22:20 [INFO] YpfRuta 2: Peer 3 iniciado.
25/11/2025 - 15:22:20 [INFO] YpfPeer 3: Iniciado correctamente.
25/11/2025 - 15:22:20 [DEBUG] YpfPeer 3: Iniciando ping loop...
25/11/2025 - 15:22:20 [DEBUG] YpfRuta 2: Socket del peer 3 está listo
25/11/2025 - 15:22:20 [DEBUG] YpfPeer 3: Iniciando tarea de escritura del socket...
25/11/2025 - 15:22:20 [DEBUG] YpfPeer 3: Iniciando tarea de lectura del socket...
25/11/2025 - 15:22:20 [DEBUG] YpfRuta 2: Recibido anuncio de COORDINATOR del nodo 3
25/11/2025 - 15:22:20 [INFO] YpfRuta 2: Nodo 3 es el nuevo líder.
25/11/2025 - 15:22:21 [DEBUG] YpfRuta 2: Línea recibida del socket entrante: 
25/11/2025 - 15:22:21 [ERROR] YpfRuta 2: Formato de mensaje inválido. Se esperaba: ID_LOCAL:<ID>, recibido: 
25/11/2025 - 15:22:21 [DEBUG] YpfRuta 2: Línea recibida del socket entrante: ID_LOCAL:1
25/11/2025 - 15:22:21 [DEBUG] YpfRuta 2: Conexión entrante del peer 1
25/11/2025 - 15:22:21 [DEBUG] YpfRuta 2: Peer 1 ya existe, enviando socket
25/11/2025 - 15:22:21 [DEBUG] YpfPeer 1: Guardando socket entrante...
25/11/2025 - 15:22:21 [DEBUG] YpfPeer 1: Iniciando ping loop...
25/11/2025 - 15:22:21 [DEBUG] YpfPeer 1: Socket guardado exitosamente.
25/11/2025 - 15:22:21 [DEBUG] YpfRuta 2: Socket del peer 1 está listo
25/11/2025 - 15:22:21 [DEBUG] YpfPeer 1: Iniciando tarea de escritura del socket...
25/11/2025 - 15:22:21 [DEBUG] YpfPeer 1: Iniciando tarea de lectura del socket...
25/11/2025 - 15:22:50 [INFO] Gestor: estado persistido periódicamente
25/11/2025 - 15:22:50 [DEBUG] YpfPeer 3: PING enviado.
25/11/2025 - 15:22:50 [DEBUG] YpfPeer 3: Ping recibido.
25/11/2025 - 15:22:50 [DEBUG] YpfPeer 3: Pong enviado exitosamente
25/11/2025 - 15:22:50 [DEBUG] YpfPeer 3: Pong recibido.
25/11/2025 - 15:22:51 [DEBUG] YpfPeer 1: PING enviado.
25/11/2025 - 15:22:51 [DEBUG] YpfPeer 1: Ping recibido.
25/11/2025 - 15:22:51 [DEBUG] YpfPeer 1: Pong enviado exitosamente
25/11/2025 - 15:22:51 [DEBUG] YpfPeer 1: Pong recibido.
25/11/2025 - 15:23:06 [WARN] YpfPeer 3: Conexión cerrada por el peer remoto.
25/11/2025 - 15:23:06 [WARN] YpfRuta 2: Peer 3 desconectado.
25/11/2025 - 15:23:06 [INFO] YpfRuta 2: El líder 3 se ha desconectado. Iniciando elección Bully.
25/11/2025 - 15:23:06 [INFO] YpfRuta 2: Iniciando elección Bully
25/11/2025 - 15:23:06 [INFO] YpfRuta 2: No hay nodos con ID mayor. Me declaro líder.
25/11/2025 - 15:23:06 [INFO] YpfRuta 2: Soy el nuevo LÍDER
25/11/2025 - 15:23:06 [INFO] YpfRuta 2: Enviando COORDINATOR al peer 1
25/11/2025 - 15:23:06 [DEBUG] YpfPeer 1: Recibido nuevo líder: 2
25/11/2025 - 15:23:06 [DEBUG] YpfPeer 1: Enviando nuevo líder al socket: byte[0] = 52
25/11/2025 - 15:23:06 [INFO] YpfRuta 2: Recibido ELECCION del nodo 1
25/11/2025 - 15:23:06 [INFO] YpfRuta 2: Enviando OK al nodo 1 e iniciando mi propia elección
25/11/2025 - 15:23:06 [INFO] YpfRuta 2: Iniciando elección Bully
25/11/2025 - 15:23:06 [INFO] YpfRuta 2: No hay nodos con ID mayor. Me declaro líder.
25/11/2025 - 15:23:06 [INFO] YpfRuta 2: Soy el nuevo LÍDER
25/11/2025 - 15:23:06 [INFO] YpfRuta 2: Enviando COORDINATOR al peer 1
25/11/2025 - 15:23:06 [DEBUG] YpfPeer 1: Recibido nuevo líder: 2
25/11/2025 - 15:23:06 [DEBUG] YpfPeer 1: Enviando nuevo líder al socket: byte[0] = 52
25/11/2025 - 15:23:44 [INFO] YpfRuta 2: Creando instancia
25/11/2025 - 15:23:44 [INFO] Gestor actor iniciado
25/11/2025 - 15:23:44 [INFO] YpfRuta 2: Intentando conectar a peers...
25/11/2025 - 15:23:44 [INFO] YpfRuta 2: Escuchando conexiones entrantes de peers...
25/11/2025 - 15:23:44 [DEBUG] YpfRuta 2: Iniciando procesador de cola de ventas...
25/11/2025 - 15:23:44 [ERROR] YpfPeer 1: Error al obtener socket - No se pudo conectar al YpfPeer 1: Connection refused (os error 111)
25/11/2025 - 15:23:44 [INFO] YpfRuta 2: Peer 1 iniciado.
25/11/2025 - 15:23:44 [INFO] YpfPeer 1: Iniciado correctamente.
25/11/2025 - 15:23:44 [WARN] YpfPeer 1: No se puede iniciar el ping loop sin un socket válido.
25/11/2025 - 15:23:44 [INFO] YpfRuta 2: Peer 3 iniciado.
25/11/2025 - 15:23:44 [INFO] YpfPeer 3: Iniciado correctamente.
25/11/2025 - 15:23:44 [DEBUG] YpfPeer 3: Iniciando ping loop...
25/11/2025 - 15:23:44 [DEBUG] YpfRuta 2: Socket del peer 3 está listo
25/11/2025 - 15:23:44 [DEBUG] YpfPeer 3: Iniciando tarea de escritura del socket...
25/11/2025 - 15:23:44 [DEBUG] YpfPeer 3: Iniciando tarea de lectura del socket...
25/11/2025 - 15:23:44 [DEBUG] YpfRuta 2: Recibido anuncio de COORDINATOR del nodo 3
25/11/2025 - 15:23:44 [INFO] YpfRuta 2: Nodo 3 es el nuevo líder.
25/11/2025 - 15:23:45 [DEBUG] YpfRuta 2: Línea recibida del socket entrante: 
25/11/2025 - 15:23:45 [ERROR] YpfRuta 2: Formato de mensaje inválido. Se esperaba: ID_LOCAL:<ID>, recibido: 
25/11/2025 - 15:23:45 [DEBUG] YpfRuta 2: Línea recibida del socket entrante: ID_LOCAL:1
25/11/2025 - 15:23:45 [DEBUG] YpfRuta 2: Conexión entrante del peer 1
25/11/2025 - 15:23:45 [DEBUG] YpfRuta 2: Peer 1 ya existe, enviando socket
25/11/2025 - 15:23:45 [DEBUG] YpfPeer 1: Guardando socket entrante...
25/11/2025 - 15:23:45 [DEBUG] YpfPeer 1: Iniciando ping loop...
25/11/2025 - 15:23:45 [DEBUG] YpfPeer 1: Socket guardado exitosamente.
25/11/2025 - 15:23:45 [DEBUG] YpfRuta 2: Socket del peer 1 está listo
25/11/2025 - 15:23:45 [DEBUG] YpfPeer 1: Iniciando tarea de escritura del socket...
25/11/2025 - 15:23:45 [DEBUG] YpfPeer 1: Iniciando tarea de lectura del socket...
25/11/2025 - 15:24:14 [INFO] Gestor: estado persistido periódicamente
25/11/2025 - 15:24:14 [DEBUG] YpfPeer 3: PING enviado.
25/11/2025 - 15:24:14 [DEBUG] YpfPeer 3: Ping recibido.
25/11/2025 - 15:24:14 [DEBUG] YpfPeer 3: Pong enviado exitosamente
25/11/2025 - 15:24:14 [DEBUG] YpfPeer 3: Pong recibido.
25/11/2025 - 15:24:15 [DEBUG] YpfPeer 1: PING enviado.
25/11/2025 - 15:24:15 [DEBUG] YpfPeer 1: Ping recibido.
25/11/2025 - 15:24:15 [DEBUG] YpfPeer 1: Pong enviado exitosamente
25/11/2025 - 15:24:15 [DEBUG] YpfPeer 1: Pong recibido.
25/11/2025 - 15:24:44 [INFO] Gestor: estado persistido periódicamente
25/11/2025 - 15:24:44 [DEBUG] YpfPeer 3: PING enviado.
25/11/2025 - 15:24:44 [DEBUG] YpfPeer 3: Ping recibido.
25/11/2025 - 15:24:44 [DEBUG] YpfPeer 3: Pong enviado exitosamente
25/11/2025 - 15:24:44 [DEBUG] YpfPeer 3: Pong recibido.
25/11/2025 - 15:24:45 [DEBUG] YpfPeer 1: PING enviado.
25/11/2025 - 15:24:45 [DEBUG] YpfPeer 1: Ping recibido.
25/11/2025 - 15:24:45 [DEBUG] YpfPeer 1: Pong enviado exitosamente
25/11/2025 - 15:24:45 [DEBUG] YpfPeer 1: Pong recibido.
25/11/2025 - 15:25:14 [INFO] Gestor: estado persistido periódicamente
25/11/2025 - 15:25:14 [DEBUG] YpfPeer 3: PING enviado.
25/11/2025 - 15:25:14 [DEBUG] YpfPeer 3: Ping recibido.
25/11/2025 - 15:25:14 [DEBUG] YpfPeer 3: Pong enviado exitosamente
25/11/2025 - 15:25:14 [DEBUG] YpfPeer 3: Pong recibido.
25/11/2025 - 15:25:15 [DEBUG] YpfPeer 1: PING enviado.
25/11/2025 - 15:25:15 [DEBUG] YpfPeer 1: Ping recibido.
25/11/2025 - 15:25:15 [DEBUG] YpfPeer 1: Pong enviado exitosamente
25/11/2025 - 15:25:15 [DEBUG] YpfPeer 1: Pong recibido.
25/11/2025 - 15:25:44 [INFO] Gestor: estado persistido periódicamente
25/11/2025 - 15:25:44 [DEBUG] YpfPeer 3: PING enviado.
25/11/2025 - 15:25:44 [DEBUG] YpfPeer 3: Ping recibido.
25/11/2025 - 15:25:44 [DEBUG] YpfPeer 3: Pong enviado exitosamente
25/11/2025 - 15:25:44 [DEBUG] YpfPeer 3: Pong recibido.
25/11/2025 - 15:25:45 [DEBUG] YpfPeer 1: PING enviado.
25/11/2025 - 15:25:45 [DEBUG] YpfPeer 1: Ping recibido.
25/11/2025 - 15:25:45 [DEBUG] YpfPeer 1: Pong enviado exitosamente
25/11/2025 - 15:25:45 [DEBUG] YpfPeer 1: Pong recibido.
25/11/2025 - 15:26:14 [INFO] Gestor: estado persistido periódicamente
25/11/2025 - 15:26:14 [DEBUG] YpfPeer 3: PING enviado.
25/11/2025 - 15:26:14 [DEBUG] YpfPeer 3: Ping recibido.
25/11/2025 - 15:26:14 [DEBUG] YpfPeer 3: Pong enviado exitosamente
25/11/2025 - 15:26:14 [DEBUG] YpfPeer 3: Pong recibido.
25/11/2025 - 15:26:15 [DEBUG] YpfPeer 1: PING enviado.
25/11/2025 - 15:26:15 [DEBUG] YpfPeer 1: Ping recibido.
25/11/2025 - 15:26:15 [DEBUG] YpfPeer 1: Pong enviado exitosamente
25/11/2025 - 15:26:15 [DEBUG] YpfPeer 1: Pong recibido.
25/11/2025 - 15:26:41 [WARN] YpfPeer 3: Conexión cerrada por el peer remoto.
25/11/2025 - 15:26:41 [WARN] YpfRuta 2: Peer 3 desconectado.
25/11/2025 - 15:26:41 [INFO] YpfRuta 2: El líder 3 se ha desconectado. Iniciando elección Bully.
25/11/2025 - 15:26:41 [INFO] YpfRuta 2: Iniciando elección Bully
25/11/2025 - 15:26:41 [INFO] YpfRuta 2: No hay nodos con ID mayor. Me declaro líder.
25/11/2025 - 15:26:41 [INFO] YpfRuta 2: Soy el nuevo LÍDER
25/11/2025 - 15:26:41 [INFO] YpfRuta 2: Enviando COORDINATOR al peer 1
25/11/2025 - 15:26:41 [DEBUG] YpfPeer 1: Recibido nuevo líder: 2
25/11/2025 - 15:26:41 [DEBUG] YpfPeer 1: Enviando nuevo líder al socket: byte[0] = 52
25/11/2025 - 15:26:41 [INFO] YpfRuta 2: Recibido ELECCION del nodo 1
25/11/2025 - 15:26:41 [INFO] YpfRuta 2: Enviando OK al nodo 1 e iniciando mi propia elección
25/11/2025 - 15:26:41 [INFO] YpfRuta 2: Iniciando elección Bully
25/11/2025 - 15:26:41 [INFO] YpfRuta 2: No hay nodos con ID mayor. Me declaro líder.
25/11/2025 - 15:26:41 [INFO] YpfRuta 2: Soy el nuevo LÍDER
25/11/2025 - 15:26:41 [INFO] YpfRuta 2: Enviando COORDINATOR al peer 1
25/11/2025 - 15:26:41 [DEBUG] YpfPeer 1: Recibido nuevo líder: 2
25/11/2025 - 15:26:41 [DEBUG] YpfPeer 1: Enviando nuevo líder al socket: byte[0] = 52
25/11/2025 - 15:29:58 [INFO] YpfRuta 2: Creando instancia
25/11/2025 - 15:29:58 [INFO] Gestor actor iniciado
25/11/2025 - 15:29:58 [INFO] YpfRuta 2: Intentando conectar a peers...
25/11/2025 - 15:29:58 [INFO] YpfRuta 2: Escuchando conexiones entrantes de peers...
25/11/2025 - 15:29:58 [DEBUG] YpfRuta 2: Iniciando procesador de cola de ventas...
25/11/2025 - 15:29:58 [ERROR] YpfPeer 1: Error al obtener socket - No se pudo conectar al YpfPeer 1: Connection refused (os error 111)
25/11/2025 - 15:29:58 [INFO] YpfRuta 2: Peer 1 iniciado.
25/11/2025 - 15:29:58 [INFO] YpfPeer 1: Iniciado correctamente.
25/11/2025 - 15:29:58 [WARN] YpfPeer 1: No se puede iniciar el ping loop sin un socket válido.
25/11/2025 - 15:29:58 [INFO] YpfRuta 2: Peer 3 iniciado.
25/11/2025 - 15:29:58 [INFO] YpfPeer 3: Iniciado correctamente.
25/11/2025 - 15:29:58 [DEBUG] YpfPeer 3: Iniciando ping loop...
25/11/2025 - 15:29:58 [DEBUG] YpfRuta 2: Socket del peer 3 está listo
25/11/2025 - 15:29:58 [DEBUG] YpfPeer 3: Iniciando tarea de escritura del socket...
25/11/2025 - 15:29:58 [DEBUG] YpfPeer 3: Iniciando tarea de lectura del socket...
25/11/2025 - 15:29:58 [DEBUG] YpfRuta 2: Recibido anuncio de COORDINATOR del nodo 3
25/11/2025 - 15:29:58 [INFO] YpfRuta 2: Nodo 3 es el nuevo líder.
25/11/2025 - 15:29:59 [DEBUG] YpfRuta 2: Línea recibida del socket entrante: 
25/11/2025 - 15:29:59 [ERROR] YpfRuta 2: Formato de mensaje inválido. Se esperaba: ID_LOCAL:<ID>, recibido: 
25/11/2025 - 15:29:59 [DEBUG] YpfRuta 2: Línea recibida del socket entrante: ID_LOCAL:1
25/11/2025 - 15:29:59 [DEBUG] YpfRuta 2: Conexión entrante del peer 1
25/11/2025 - 15:29:59 [DEBUG] YpfRuta 2: Peer 1 ya existe, enviando socket
25/11/2025 - 15:29:59 [DEBUG] YpfPeer 1: Guardando socket entrante...
25/11/2025 - 15:29:59 [DEBUG] YpfPeer 1: Iniciando ping loop...
25/11/2025 - 15:29:59 [DEBUG] YpfPeer 1: Socket guardado exitosamente.
25/11/2025 - 15:29:59 [DEBUG] YpfRuta 2: Socket del peer 1 está listo
25/11/2025 - 15:29:59 [DEBUG] YpfPeer 1: Iniciando tarea de escritura del socket...
25/11/2025 - 15:29:59 [DEBUG] YpfPeer 1: Iniciando tarea de lectura del socket...
25/11/2025 - 15:30:28 [INFO] Gestor: estado persistido periódicamente
25/11/2025 - 15:30:28 [DEBUG] YpfPeer 3: PING enviado.
25/11/2025 - 15:30:28 [DEBUG] YpfPeer 3: Ping recibido.
25/11/2025 - 15:30:28 [DEBUG] YpfPeer 3: Pong enviado exitosamente
25/11/2025 - 15:30:28 [DEBUG] YpfPeer 3: Pong recibido.
25/11/2025 - 15:30:29 [DEBUG] YpfPeer 1: PING enviado.
25/11/2025 - 15:30:29 [DEBUG] YpfPeer 1: Ping recibido.
25/11/2025 - 15:30:29 [DEBUG] YpfPeer 1: Pong enviado exitosamente
25/11/2025 - 15:30:29 [DEBUG] YpfPeer 1: Pong recibido.
25/11/2025 - 15:30:58 [INFO] Gestor: estado persistido periódicamente
25/11/2025 - 15:30:58 [DEBUG] YpfPeer 3: PING enviado.
25/11/2025 - 15:30:58 [DEBUG] YpfPeer 3: Ping recibido.
25/11/2025 - 15:30:58 [DEBUG] YpfPeer 3: Pong enviado exitosamente
25/11/2025 - 15:30:58 [DEBUG] YpfPeer 3: Pong recibido.
25/11/2025 - 15:30:59 [DEBUG] YpfPeer 1: PING enviado.
25/11/2025 - 15:30:59 [DEBUG] YpfPeer 1: Ping recibido.
25/11/2025 - 15:30:59 [DEBUG] YpfPeer 1: Pong enviado exitosamente
25/11/2025 - 15:30:59 [DEBUG] YpfPeer 1: Pong recibido.
25/11/2025 - 15:31:28 [INFO] Gestor: estado persistido periódicamente
25/11/2025 - 15:31:28 [DEBUG] YpfPeer 3: PING enviado.
25/11/2025 - 15:31:28 [DEBUG] YpfPeer 3: Ping recibido.
25/11/2025 - 15:31:28 [DEBUG] YpfPeer 3: Pong enviado exitosamente
25/11/2025 - 15:31:28 [DEBUG] YpfPeer 3: Pong recibido.
25/11/2025 - 15:31:29 [DEBUG] YpfPeer 1: PING enviado.
25/11/2025 - 15:31:29 [DEBUG] YpfPeer 1: Ping recibido.
25/11/2025 - 15:31:29 [DEBUG] YpfPeer 1: Pong enviado exitosamente
25/11/2025 - 15:31:29 [DEBUG] YpfPeer 1: Pong recibido.
25/11/2025 - 15:31:58 [INFO] Gestor: estado persistido periódicamente
25/11/2025 - 15:31:58 [DEBUG] YpfPeer 3: PING enviado.
25/11/2025 - 15:31:58 [DEBUG] YpfPeer 3: Ping recibido.
25/11/2025 - 15:31:58 [DEBUG] YpfPeer 3: Pong enviado exitosamente
25/11/2025 - 15:31:58 [DEBUG] YpfPeer 3: Pong recibido.
25/11/2025 - 15:31:59 [DEBUG] YpfPeer 1: PING enviado.
25/11/2025 - 15:31:59 [DEBUG] YpfPeer 1: Ping recibido.
25/11/2025 - 15:31:59 [DEBUG] YpfPeer 1: Pong enviado exitosamente
25/11/2025 - 15:31:59 [DEBUG] YpfPeer 1: Pong recibido.
25/11/2025 - 15:32:28 [INFO] Gestor: estado persistido periódicamente
25/11/2025 - 15:32:28 [DEBUG] YpfPeer 3: PING enviado.
25/11/2025 - 15:32:28 [DEBUG] YpfPeer 3: Ping recibido.
25/11/2025 - 15:32:28 [DEBUG] YpfPeer 3: Pong enviado exitosamente
25/11/2025 - 15:32:28 [DEBUG] YpfPeer 3: Pong recibido.
25/11/2025 - 15:32:29 [DEBUG] YpfPeer 1: PING enviado.
25/11/2025 - 15:32:29 [DEBUG] YpfPeer 1: Ping recibido.
25/11/2025 - 15:32:29 [DEBUG] YpfPeer 1: Pong enviado exitosamente
25/11/2025 - 15:32:29 [DEBUG] YpfPeer 1: Pong recibido.
25/11/2025 - 15:32:58 [INFO] Gestor: estado persistido periódicamente
25/11/2025 - 15:32:58 [DEBUG] YpfPeer 3: PING enviado.
25/11/2025 - 15:32:58 [DEBUG] YpfPeer 3: Ping recibido.
25/11/2025 - 15:32:58 [DEBUG] YpfPeer 3: Pong enviado exitosamente
25/11/2025 - 15:32:58 [DEBUG] YpfPeer 3: Pong recibido.
25/11/2025 - 15:32:59 [DEBUG] YpfPeer 1: PING enviado.
25/11/2025 - 15:32:59 [DEBUG] YpfPeer 1: Ping recibido.
25/11/2025 - 15:32:59 [DEBUG] YpfPeer 1: Pong enviado exitosamente
25/11/2025 - 15:32:59 [DEBUG] YpfPeer 1: Pong recibido.
25/11/2025 - 15:33:28 [INFO] Gestor: estado persistido periódicamente
25/11/2025 - 15:33:28 [DEBUG] YpfPeer 3: PING enviado.
25/11/2025 - 15:33:28 [DEBUG] YpfPeer 3: Ping recibido.
25/11/2025 - 15:33:28 [DEBUG] YpfPeer 3: Pong enviado exitosamente
25/11/2025 - 15:33:28 [DEBUG] YpfPeer 3: Pong recibido.
25/11/2025 - 15:33:29 [DEBUG] YpfPeer 1: PING enviado.
25/11/2025 - 15:33:29 [DEBUG] YpfPeer 1: Ping recibido.
25/11/2025 - 15:33:29 [DEBUG] YpfPeer 1: Pong enviado exitosamente
25/11/2025 - 15:33:29 [DEBUG] YpfPeer 1: Pong recibido.
25/11/2025 - 15:33:46 [WARN] YpfPeer 3: Conexión cerrada por el peer remoto.
25/11/2025 - 15:33:46 [WARN] YpfRuta 2: Peer 3 desconectado.
25/11/2025 - 15:33:46 [INFO] YpfRuta 2: El líder 3 se ha desconectado. Iniciando elección Bully.
25/11/2025 - 15:33:46 [INFO] YpfRuta 2: Iniciando elección Bully
25/11/2025 - 15:33:46 [INFO] YpfRuta 2: No hay nodos con ID mayor. Me declaro líder.
25/11/2025 - 15:33:46 [INFO] YpfRuta 2: Soy el nuevo LÍDER
25/11/2025 - 15:33:46 [INFO] YpfRuta 2: Enviando COORDINATOR al peer 1
25/11/2025 - 15:33:46 [DEBUG] YpfPeer 1: Recibido nuevo líder: 2
25/11/2025 - 15:33:46 [DEBUG] YpfPeer 1: Enviando nuevo líder al socket: byte[0] = 52
25/11/2025 - 15:33:46 [INFO] YpfRuta 2: Recibido ELECCION del nodo 1
25/11/2025 - 15:33:46 [INFO] YpfRuta 2: Enviando OK al nodo 1 e iniciando mi propia elección
25/11/2025 - 15:33:46 [INFO] YpfRuta 2: Iniciando elección Bully
25/11/2025 - 15:33:46 [INFO] YpfRuta 2: No hay nodos con ID mayor. Me declaro líder.
25/11/2025 - 15:33:46 [INFO] YpfRuta 2: Soy el nuevo LÍDER
25/11/2025 - 15:33:46 [INFO] YpfRuta 2: Enviando COORDINATOR al peer 1
25/11/2025 - 15:33:46 [DEBUG] YpfPeer 1: Recibido nuevo líder: 2
25/11/2025 - 15:33:46 [DEBUG] YpfPeer 1: Enviando nuevo líder al socket: byte[0] = 52
25/11/2025 - 15:33:58 [INFO] Gestor: estado persistido periódicamente
25/11/2025 - 15:33:58 [DEBUG] YpfPeer 3: PING enviado.
25/11/2025 - 15:33:59 [DEBUG] YpfPeer 1: PING enviado.
25/11/2025 - 15:33:59 [DEBUG] YpfPeer 1: Ping recibido.
25/11/2025 - 15:33:59 [DEBUG] YpfPeer 1: Pong enviado exitosamente
25/11/2025 - 15:33:59 [DEBUG] YpfPeer 1: Pong recibido.
25/11/2025 - 15:34:28 [INFO] Gestor: estado persistido periódicamente
25/11/2025 - 15:34:28 [DEBUG] YpfPeer 3: PING enviado.
25/11/2025 - 15:34:28 [ERROR] Error escribiendo en el socket: Broken pipe (os error 32)
25/11/2025 - 15:34:28 [INFO] YpfPeer 3: Tarea de escritura del socket finalizada.
25/11/2025 - 15:34:28 [WARN] YpfRuta 2: Peer 3 desconectado.
25/11/2025 - 15:34:29 [DEBUG] YpfPeer 1: PING enviado.
25/11/2025 - 15:34:29 [DEBUG] YpfPeer 1: Ping recibido.
25/11/2025 - 15:34:29 [DEBUG] YpfPeer 1: Pong enviado exitosamente
25/11/2025 - 15:34:29 [DEBUG] YpfPeer 1: Pong recibido.
25/11/2025 - 15:34:58 [INFO] Gestor: estado persistido periódicamente
25/11/2025 - 15:34:58 [ERROR] YpfPeer 3: Error enviando PING: channel closed
25/11/2025 - 15:34:59 [DEBUG] YpfPeer 1: PING enviado.
25/11/2025 - 15:34:59 [DEBUG] YpfPeer 1: Ping recibido.
25/11/2025 - 15:34:59 [DEBUG] YpfPeer 1: Pong enviado exitosamente
25/11/2025 - 15:34:59 [DEBUG] YpfPeer 1: Pong recibido.
25/11/2025 - 15:35:28 [INFO] Gestor: estado persistido periódicamente
25/11/2025 - 15:35:28 [ERROR] YpfPeer 3: Error enviando PING: channel closed
25/11/2025 - 15:35:29 [DEBUG] YpfPeer 1: PING enviado.
25/11/2025 - 15:35:29 [DEBUG] YpfPeer 1: Ping recibido.
25/11/2025 - 15:35:29 [DEBUG] YpfPeer 1: Pong enviado exitosamente
25/11/2025 - 15:35:29 [DEBUG] YpfPeer 1: Pong recibido.
25/11/2025 - 15:35:52 [INFO] YpfRuta 2: Creando instancia
25/11/2025 - 15:35:52 [INFO] Gestor actor iniciado
25/11/2025 - 15:35:52 [INFO] YpfRuta 2: Intentando conectar a peers...
25/11/2025 - 15:35:52 [INFO] YpfRuta 2: Escuchando conexiones entrantes de peers...
25/11/2025 - 15:35:52 [DEBUG] YpfRuta 2: Iniciando procesador de cola de ventas...
25/11/2025 - 15:35:52 [ERROR] YpfPeer 1: Error al obtener socket - No se pudo conectar al YpfPeer 1: Connection refused (os error 111)
25/11/2025 - 15:35:52 [INFO] YpfRuta 2: Peer 1 iniciado.
25/11/2025 - 15:35:52 [INFO] YpfPeer 1: Iniciado correctamente.
25/11/2025 - 15:35:52 [WARN] YpfPeer 1: No se puede iniciar el ping loop sin un socket válido.
25/11/2025 - 15:35:52 [INFO] YpfRuta 2: Peer 3 iniciado.
25/11/2025 - 15:35:52 [INFO] YpfPeer 3: Iniciado correctamente.
25/11/2025 - 15:35:52 [DEBUG] YpfPeer 3: Iniciando ping loop...
25/11/2025 - 15:35:52 [DEBUG] YpfRuta 2: Socket del peer 3 está listo
25/11/2025 - 15:35:52 [DEBUG] YpfPeer 3: Iniciando tarea de escritura del socket...
25/11/2025 - 15:35:52 [DEBUG] YpfPeer 3: Iniciando tarea de lectura del socket...
25/11/2025 - 15:35:52 [DEBUG] YpfRuta 2: Recibido anuncio de COORDINATOR del nodo 3
25/11/2025 - 15:35:52 [INFO] YpfRuta 2: Nodo 3 es el nuevo líder.
25/11/2025 - 15:35:54 [DEBUG] YpfRuta 2: Línea recibida del socket entrante: 
25/11/2025 - 15:35:54 [ERROR] YpfRuta 2: Formato de mensaje inválido. Se esperaba: ID_LOCAL:<ID>, recibido: 
25/11/2025 - 15:35:54 [DEBUG] YpfRuta 2: Línea recibida del socket entrante: ID_LOCAL:1
25/11/2025 - 15:35:54 [DEBUG] YpfRuta 2: Conexión entrante del peer 1
25/11/2025 - 15:35:54 [DEBUG] YpfRuta 2: Peer 1 ya existe, enviando socket
25/11/2025 - 15:35:54 [DEBUG] YpfPeer 1: Guardando socket entrante...
25/11/2025 - 15:35:54 [DEBUG] YpfPeer 1: Iniciando ping loop...
25/11/2025 - 15:35:54 [DEBUG] YpfPeer 1: Socket guardado exitosamente.
25/11/2025 - 15:35:54 [DEBUG] YpfRuta 2: Socket del peer 1 está listo
25/11/2025 - 15:35:54 [DEBUG] YpfPeer 1: Iniciando tarea de escritura del socket...
25/11/2025 - 15:35:54 [DEBUG] YpfPeer 1: Iniciando tarea de lectura del socket...
25/11/2025 - 15:36:22 [INFO] Gestor: estado persistido periódicamente
25/11/2025 - 15:36:22 [DEBUG] YpfPeer 3: PING enviado.
25/11/2025 - 15:36:22 [DEBUG] YpfPeer 3: Ping recibido.
25/11/2025 - 15:36:22 [DEBUG] YpfPeer 3: Pong enviado exitosamente
25/11/2025 - 15:36:22 [DEBUG] YpfPeer 3: Pong recibido.
25/11/2025 - 15:36:24 [DEBUG] YpfPeer 1: PING enviado.
25/11/2025 - 15:36:24 [DEBUG] YpfPeer 1: Ping recibido.
25/11/2025 - 15:36:24 [DEBUG] YpfPeer 1: Pong enviado exitosamente
25/11/2025 - 15:36:24 [DEBUG] YpfPeer 1: Pong recibido.
25/11/2025 - 15:36:52 [INFO] Gestor: estado persistido periódicamente
25/11/2025 - 15:36:52 [DEBUG] YpfPeer 3: PING enviado.
25/11/2025 - 15:36:52 [DEBUG] YpfPeer 3: Ping recibido.
25/11/2025 - 15:36:52 [DEBUG] YpfPeer 3: Pong enviado exitosamente
25/11/2025 - 15:36:52 [DEBUG] YpfPeer 3: Pong recibido.
25/11/2025 - 15:36:54 [DEBUG] YpfPeer 1: PING enviado.
25/11/2025 - 15:36:54 [DEBUG] YpfPeer 1: Ping recibido.
25/11/2025 - 15:36:54 [DEBUG] YpfPeer 1: Pong enviado exitosamente
25/11/2025 - 15:36:54 [DEBUG] YpfPeer 1: Pong recibido.
25/11/2025 - 15:37:22 [DEBUG] YpfPeer 3: Ping recibido.
25/11/2025 - 15:37:22 [DEBUG] YpfPeer 3: Pong enviado exitosamente
25/11/2025 - 15:37:22 [INFO] Gestor: estado persistido periódicamente
25/11/2025 - 15:37:22 [DEBUG] YpfPeer 3: PING enviado.
25/11/2025 - 15:37:22 [DEBUG] YpfPeer 3: Pong recibido.
25/11/2025 - 15:37:24 [DEBUG] YpfPeer 1: PING enviado.
25/11/2025 - 15:37:24 [DEBUG] YpfPeer 1: Ping recibido.
25/11/2025 - 15:37:24 [DEBUG] YpfPeer 1: Pong enviado exitosamente
25/11/2025 - 15:37:24 [DEBUG] YpfPeer 1: Pong recibido.
25/11/2025 - 15:37:52 [INFO] Gestor: estado persistido periódicamente
25/11/2025 - 15:37:52 [DEBUG] YpfPeer 3: PING enviado.
25/11/2025 - 15:37:52 [DEBUG] YpfPeer 3: Ping recibido.
25/11/2025 - 15:37:52 [DEBUG] YpfPeer 3: Pong enviado exitosamente
25/11/2025 - 15:37:52 [DEBUG] YpfPeer 3: Pong recibido.
25/11/2025 - 15:37:54 [DEBUG] YpfPeer 1: PING enviado.
25/11/2025 - 15:37:54 [DEBUG] YpfPeer 1: Ping recibido.
25/11/2025 - 15:37:54 [DEBUG] YpfPeer 1: Pong enviado exitosamente
25/11/2025 - 15:37:54 [DEBUG] YpfPeer 1: Pong recibido.
25/11/2025 - 15:38:22 [INFO] Gestor: estado persistido periódicamente
25/11/2025 - 15:38:22 [DEBUG] YpfPeer 3: PING enviado.
25/11/2025 - 15:38:22 [DEBUG] YpfPeer 3: Ping recibido.
25/11/2025 - 15:38:22 [DEBUG] YpfPeer 3: Pong enviado exitosamente
25/11/2025 - 15:38:22 [DEBUG] YpfPeer 3: Pong recibido.
25/11/2025 - 15:38:24 [DEBUG] YpfPeer 1: PING enviado.
25/11/2025 - 15:38:24 [DEBUG] YpfPeer 1: Ping recibido.
25/11/2025 - 15:38:24 [DEBUG] YpfPeer 1: Pong enviado exitosamente
25/11/2025 - 15:38:24 [DEBUG] YpfPeer 1: Pong recibido.
25/11/2025 - 15:38:52 [INFO] Gestor: estado persistido periódicamente
25/11/2025 - 15:38:52 [DEBUG] YpfPeer 3: PING enviado.
25/11/2025 - 15:38:52 [DEBUG] YpfPeer 3: Ping recibido.
25/11/2025 - 15:38:52 [DEBUG] YpfPeer 3: Pong enviado exitosamente
25/11/2025 - 15:38:52 [DEBUG] YpfPeer 3: Pong recibido.
25/11/2025 - 15:38:54 [DEBUG] YpfPeer 1: PING enviado.
25/11/2025 - 15:38:54 [DEBUG] YpfPeer 1: Ping recibido.
25/11/2025 - 15:38:54 [DEBUG] YpfPeer 1: Pong enviado exitosamente
25/11/2025 - 15:38:54 [DEBUG] YpfPeer 1: Pong recibido.
25/11/2025 - 15:39:22 [DEBUG] YpfPeer 3: Ping recibido.
25/11/2025 - 15:39:22 [DEBUG] YpfPeer 3: Pong enviado exitosamente
25/11/2025 - 15:39:22 [INFO] Gestor: estado persistido periódicamente
25/11/2025 - 15:39:22 [DEBUG] YpfPeer 3: PING enviado.
25/11/2025 - 15:39:22 [DEBUG] YpfPeer 3: Pong recibido.
25/11/2025 - 15:39:24 [DEBUG] YpfPeer 1: PING enviado.
25/11/2025 - 15:39:24 [DEBUG] YpfPeer 1: Ping recibido.
25/11/2025 - 15:39:24 [DEBUG] YpfPeer 1: Pong enviado exitosamente
25/11/2025 - 15:39:24 [DEBUG] YpfPeer 1: Pong recibido.
25/11/2025 - 15:39:52 [INFO] Gestor: estado persistido periódicamente
25/11/2025 - 15:39:52 [DEBUG] YpfPeer 3: PING enviado.
25/11/2025 - 15:39:52 [DEBUG] YpfPeer 3: Ping recibido.
25/11/2025 - 15:39:52 [DEBUG] YpfPeer 3: Pong enviado exitosamente
25/11/2025 - 15:39:52 [DEBUG] YpfPeer 3: Pong recibido.
25/11/2025 - 15:39:54 [DEBUG] YpfPeer 1: PING enviado.
25/11/2025 - 15:39:54 [DEBUG] YpfPeer 1: Ping recibido.
25/11/2025 - 15:39:54 [DEBUG] YpfPeer 1: Pong enviado exitosamente
25/11/2025 - 15:39:54 [DEBUG] YpfPeer 1: Pong recibido.
25/11/2025 - 15:40:22 [INFO] Gestor: estado persistido periódicamente
25/11/2025 - 15:40:22 [DEBUG] YpfPeer 3: PING enviado.
25/11/2025 - 15:40:22 [DEBUG] YpfPeer 3: Ping recibido.
25/11/2025 - 15:40:22 [DEBUG] YpfPeer 3: Pong enviado exitosamente
25/11/2025 - 15:40:22 [DEBUG] YpfPeer 3: Pong recibido.
25/11/2025 - 15:40:24 [DEBUG] YpfPeer 1: PING enviado.
25/11/2025 - 15:40:24 [DEBUG] YpfPeer 1: Ping recibido.
25/11/2025 - 15:40:24 [DEBUG] YpfPeer 1: Pong enviado exitosamente
25/11/2025 - 15:40:24 [DEBUG] YpfPeer 1: Pong recibido.
25/11/2025 - 15:40:37 [INFO] YpfRuta 2: Recibido ELECCION del nodo 1
25/11/2025 - 15:40:37 [INFO] YpfRuta 2: Enviando OK al nodo 1 e iniciando mi propia elección
25/11/2025 - 15:40:37 [INFO] YpfRuta 2: Iniciando elección Bully
25/11/2025 - 15:40:37 [DEBUG] YpfRuta 2: Enviando ELECCION al peer 3
25/11/2025 - 15:40:37 [ERROR] YpfPeer 3: Error leyendo del socket: Connection reset by peer (os error 104)
25/11/2025 - 15:40:37 [WARN] YpfRuta 2: Peer 3 desconectado.
25/11/2025 - 15:40:37 [INFO] YpfRuta 2: El líder 3 se ha desconectado. Iniciando elección Bully.
25/11/2025 - 15:40:37 [WARN] YpfRuta 2: Ya hay una elección en curso
25/11/2025 - 15:40:39 [INFO] YpfRuta 2: Timeout alcanzado sin respuestas. Me declaro líder.
25/11/2025 - 15:40:39 [INFO] YpfRuta 2: Soy el nuevo LÍDER
25/11/2025 - 15:40:39 [INFO] YpfRuta 2: Enviando COORDINATOR al peer 1
25/11/2025 - 15:40:39 [DEBUG] YpfPeer 1: Recibido nuevo líder: 2
25/11/2025 - 15:40:39 [DEBUG] YpfPeer 1: Enviando nuevo líder al socket: byte[0] = 52
25/11/2025 - 15:40:54 [INFO] YpfRuta 2: Creando instancia
25/11/2025 - 15:40:54 [INFO] Gestor actor iniciado
25/11/2025 - 15:40:54 [INFO] YpfRuta 2: Intentando conectar a peers...
25/11/2025 - 15:40:54 [INFO] YpfRuta 2: Escuchando conexiones entrantes de peers...
25/11/2025 - 15:40:54 [DEBUG] YpfRuta 2: Iniciando procesador de cola de ventas...
25/11/2025 - 15:40:54 [ERROR] YpfPeer 1: Error al obtener socket - No se pudo conectar al YpfPeer 1: Connection refused (os error 111)
25/11/2025 - 15:40:54 [INFO] YpfRuta 2: Peer 1 iniciado.
25/11/2025 - 15:40:54 [INFO] YpfPeer 1: Iniciado correctamente.
25/11/2025 - 15:40:54 [WARN] YpfPeer 1: No se puede iniciar el ping loop sin un socket válido.
25/11/2025 - 15:40:54 [INFO] YpfRuta 2: Peer 3 iniciado.
25/11/2025 - 15:40:54 [INFO] YpfPeer 3: Iniciado correctamente.
25/11/2025 - 15:40:54 [DEBUG] YpfPeer 3: Iniciando ping loop...
25/11/2025 - 15:40:54 [DEBUG] YpfRuta 2: Socket del peer 3 está listo
25/11/2025 - 15:40:54 [DEBUG] YpfPeer 3: Iniciando tarea de escritura del socket...
25/11/2025 - 15:40:54 [DEBUG] YpfPeer 3: Iniciando tarea de lectura del socket...
25/11/2025 - 15:40:54 [DEBUG] YpfRuta 2: Recibido anuncio de COORDINATOR del nodo 3
25/11/2025 - 15:40:54 [INFO] YpfRuta 2: Nodo 3 es el nuevo líder.
25/11/2025 - 15:40:56 [DEBUG] YpfRuta 2: Línea recibida del socket entrante: 
25/11/2025 - 15:40:56 [ERROR] YpfRuta 2: Formato de mensaje inválido. Se esperaba: ID_LOCAL:<ID>, recibido: 
25/11/2025 - 15:40:56 [DEBUG] YpfRuta 2: Línea recibida del socket entrante: ID_LOCAL:1
25/11/2025 - 15:40:56 [DEBUG] YpfRuta 2: Conexión entrante del peer 1
25/11/2025 - 15:40:56 [DEBUG] YpfRuta 2: Peer 1 ya existe, enviando socket
25/11/2025 - 15:40:56 [DEBUG] YpfPeer 1: Guardando socket entrante...
25/11/2025 - 15:40:56 [DEBUG] YpfPeer 1: Iniciando ping loop...
25/11/2025 - 15:40:56 [DEBUG] YpfPeer 1: Socket guardado exitosamente.
25/11/2025 - 15:40:56 [DEBUG] YpfRuta 2: Socket del peer 1 está listo
25/11/2025 - 15:40:56 [DEBUG] YpfPeer 1: Iniciando tarea de escritura del socket...
25/11/2025 - 15:40:56 [DEBUG] YpfPeer 1: Iniciando tarea de lectura del socket...
25/11/2025 - 15:41:24 [INFO] Gestor: estado persistido periódicamente
25/11/2025 - 15:41:24 [DEBUG] YpfPeer 3: PING enviado.
25/11/2025 - 15:41:24 [DEBUG] YpfPeer 3: Ping recibido.
25/11/2025 - 15:41:24 [DEBUG] YpfPeer 3: Pong enviado exitosamente
25/11/2025 - 15:41:24 [DEBUG] YpfPeer 3: Pong recibido.
25/11/2025 - 15:41:26 [DEBUG] YpfPeer 1: PING enviado.
25/11/2025 - 15:41:26 [DEBUG] YpfPeer 1: Ping recibido.
25/11/2025 - 15:41:26 [DEBUG] YpfPeer 1: Pong enviado exitosamente
25/11/2025 - 15:41:26 [DEBUG] YpfPeer 1: Pong recibido.
25/11/2025 - 15:41:54 [INFO] Gestor: estado persistido periódicamente
25/11/2025 - 15:41:54 [DEBUG] YpfPeer 3: PING enviado.
25/11/2025 - 15:41:54 [DEBUG] YpfPeer 3: Ping recibido.
25/11/2025 - 15:41:54 [DEBUG] YpfPeer 3: Pong enviado exitosamente
25/11/2025 - 15:41:54 [DEBUG] YpfPeer 3: Pong recibido.
25/11/2025 - 15:41:56 [DEBUG] YpfPeer 1: PING enviado.
25/11/2025 - 15:41:56 [DEBUG] YpfPeer 1: Ping recibido.
25/11/2025 - 15:41:56 [DEBUG] YpfPeer 1: Pong enviado exitosamente
25/11/2025 - 15:41:56 [DEBUG] YpfPeer 1: Pong recibido.
25/11/2025 - 15:42:24 [INFO] Gestor: estado persistido periódicamente
25/11/2025 - 15:42:24 [DEBUG] YpfPeer 3: PING enviado.
25/11/2025 - 15:42:24 [DEBUG] YpfPeer 3: Ping recibido.
25/11/2025 - 15:42:24 [DEBUG] YpfPeer 3: Pong enviado exitosamente
25/11/2025 - 15:42:24 [DEBUG] YpfPeer 3: Pong recibido.
25/11/2025 - 15:42:26 [DEBUG] YpfPeer 1: PING enviado.
25/11/2025 - 15:42:26 [DEBUG] YpfPeer 1: Ping recibido.
25/11/2025 - 15:42:26 [DEBUG] YpfPeer 1: Pong enviado exitosamente
25/11/2025 - 15:42:26 [DEBUG] YpfPeer 1: Pong recibido.
25/11/2025 - 15:42:54 [INFO] Gestor: estado persistido periódicamente
25/11/2025 - 15:42:54 [DEBUG] YpfPeer 3: PING enviado.
25/11/2025 - 15:42:54 [DEBUG] YpfPeer 3: Ping recibido.
25/11/2025 - 15:42:54 [DEBUG] YpfPeer 3: Pong enviado exitosamente
25/11/2025 - 15:42:54 [DEBUG] YpfPeer 3: Pong recibido.
25/11/2025 - 15:42:56 [DEBUG] YpfPeer 1: PING enviado.
25/11/2025 - 15:42:56 [DEBUG] YpfPeer 1: Ping recibido.
25/11/2025 - 15:42:56 [DEBUG] YpfPeer 1: Pong enviado exitosamente
25/11/2025 - 15:42:56 [DEBUG] YpfPeer 1: Pong recibido.
25/11/2025 - 15:43:24 [INFO] Gestor: estado persistido periódicamente
25/11/2025 - 15:43:24 [DEBUG] YpfPeer 3: PING enviado.
25/11/2025 - 15:43:24 [DEBUG] YpfPeer 3: Ping recibido.
25/11/2025 - 15:43:24 [DEBUG] YpfPeer 3: Pong enviado exitosamente
25/11/2025 - 15:43:24 [DEBUG] YpfPeer 3: Pong recibido.
25/11/2025 - 15:43:26 [DEBUG] YpfPeer 1: PING enviado.
25/11/2025 - 15:43:26 [DEBUG] YpfPeer 1: Ping recibido.
25/11/2025 - 15:43:26 [DEBUG] YpfPeer 1: Pong enviado exitosamente
25/11/2025 - 15:43:26 [DEBUG] YpfPeer 1: Pong recibido.
25/11/2025 - 15:43:54 [INFO] Gestor: estado persistido periódicamente
25/11/2025 - 15:43:54 [DEBUG] YpfPeer 3: PING enviado.
25/11/2025 - 15:43:54 [DEBUG] YpfPeer 3: Ping recibido.
25/11/2025 - 15:43:54 [DEBUG] YpfPeer 3: Pong enviado exitosamente
25/11/2025 - 15:43:54 [DEBUG] YpfPeer 3: Pong recibido.
25/11/2025 - 15:43:56 [DEBUG] YpfPeer 1: PING enviado.
25/11/2025 - 15:43:56 [DEBUG] YpfPeer 1: Ping recibido.
25/11/2025 - 15:43:56 [DEBUG] YpfPeer 1: Pong enviado exitosamente
25/11/2025 - 15:43:56 [DEBUG] YpfPeer 1: Pong recibido.
25/11/2025 - 15:44:24 [INFO] Gestor: estado persistido periódicamente
25/11/2025 - 15:44:24 [DEBUG] YpfPeer 3: PING enviado.
25/11/2025 - 15:44:24 [DEBUG] YpfPeer 3: Ping recibido.
25/11/2025 - 15:44:24 [DEBUG] YpfPeer 3: Pong enviado exitosamente
25/11/2025 - 15:44:24 [DEBUG] YpfPeer 3: Pong recibido.
25/11/2025 - 15:44:26 [DEBUG] YpfPeer 1: PING enviado.
25/11/2025 - 15:44:26 [DEBUG] YpfPeer 1: Ping recibido.
25/11/2025 - 15:44:26 [DEBUG] YpfPeer 1: Pong enviado exitosamente
25/11/2025 - 15:44:26 [DEBUG] YpfPeer 1: Pong recibido.
25/11/2025 - 15:44:54 [INFO] Gestor: estado persistido periódicamente
25/11/2025 - 15:44:54 [DEBUG] YpfPeer 3: PING enviado.
25/11/2025 - 15:44:54 [DEBUG] YpfPeer 3: Ping recibido.
25/11/2025 - 15:44:54 [DEBUG] YpfPeer 3: Pong enviado exitosamente
25/11/2025 - 15:44:54 [DEBUG] YpfPeer 3: Pong recibido.
25/11/2025 - 15:44:56 [DEBUG] YpfPeer 1: PING enviado.
25/11/2025 - 15:44:56 [DEBUG] YpfPeer 1: Ping recibido.
25/11/2025 - 15:44:56 [DEBUG] YpfPeer 1: Pong enviado exitosamente
25/11/2025 - 15:44:56 [DEBUG] YpfPeer 1: Pong recibido.
25/11/2025 - 15:45:24 [INFO] Gestor: estado persistido periódicamente
25/11/2025 - 15:45:24 [DEBUG] YpfPeer 3: PING enviado.
25/11/2025 - 15:45:24 [DEBUG] YpfPeer 3: Ping recibido.
25/11/2025 - 15:45:24 [DEBUG] YpfPeer 3: Pong enviado exitosamente
25/11/2025 - 15:45:24 [DEBUG] YpfPeer 3: Pong recibido.
25/11/2025 - 15:45:26 [DEBUG] YpfPeer 1: PING enviado.
25/11/2025 - 15:45:26 [DEBUG] YpfPeer 1: Ping recibido.
25/11/2025 - 15:45:26 [DEBUG] YpfPeer 1: Pong enviado exitosamente
25/11/2025 - 15:45:26 [DEBUG] YpfPeer 1: Pong recibido.
25/11/2025 - 15:45:54 [INFO] Gestor: estado persistido periódicamente
25/11/2025 - 15:45:54 [DEBUG] YpfPeer 3: PING enviado.
25/11/2025 - 15:45:54 [DEBUG] YpfPeer 3: Ping recibido.
25/11/2025 - 15:45:54 [DEBUG] YpfPeer 3: Pong enviado exitosamente
25/11/2025 - 15:45:54 [DEBUG] YpfPeer 3: Pong recibido.
25/11/2025 - 15:45:56 [DEBUG] YpfPeer 1: PING enviado.
25/11/2025 - 15:45:56 [DEBUG] YpfPeer 1: Ping recibido.
25/11/2025 - 15:45:56 [DEBUG] YpfPeer 1: Pong enviado exitosamente
25/11/2025 - 15:45:56 [DEBUG] YpfPeer 1: Pong recibido.
25/11/2025 - 15:46:24 [INFO] Gestor: estado persistido periódicamente
25/11/2025 - 15:46:24 [DEBUG] YpfPeer 3: PING enviado.
25/11/2025 - 15:46:24 [DEBUG] YpfPeer 3: Ping recibido.
25/11/2025 - 15:46:24 [DEBUG] YpfPeer 3: Pong enviado exitosamente
25/11/2025 - 15:46:24 [DEBUG] YpfPeer 3: Pong recibido.
25/11/2025 - 15:46:26 [DEBUG] YpfPeer 1: PING enviado.
25/11/2025 - 15:46:26 [DEBUG] YpfPeer 1: Ping recibido.
25/11/2025 - 15:46:26 [DEBUG] YpfPeer 1: Pong enviado exitosamente
25/11/2025 - 15:46:26 [DEBUG] YpfPeer 1: Pong recibido.
25/11/2025 - 15:46:54 [INFO] Gestor: estado persistido periódicamente
25/11/2025 - 15:46:54 [DEBUG] YpfPeer 3: PING enviado.
25/11/2025 - 15:46:54 [DEBUG] YpfPeer 3: Ping recibido.
25/11/2025 - 15:46:54 [DEBUG] YpfPeer 3: Pong enviado exitosamente
25/11/2025 - 15:46:54 [DEBUG] YpfPeer 3: Pong recibido.
25/11/2025 - 15:46:56 [DEBUG] YpfPeer 1: PING enviado.
25/11/2025 - 15:46:56 [DEBUG] YpfPeer 1: Ping recibido.
25/11/2025 - 15:46:56 [DEBUG] YpfPeer 1: Pong enviado exitosamente
25/11/2025 - 15:46:56 [DEBUG] YpfPeer 1: Pong recibido.
25/11/2025 - 15:47:24 [INFO] Gestor: estado persistido periódicamente
25/11/2025 - 15:47:24 [DEBUG] YpfPeer 3: PING enviado.
25/11/2025 - 15:47:24 [DEBUG] YpfPeer 3: Ping recibido.
25/11/2025 - 15:47:24 [DEBUG] YpfPeer 3: Pong enviado exitosamente
25/11/2025 - 15:47:24 [DEBUG] YpfPeer 3: Pong recibido.
25/11/2025 - 15:47:26 [DEBUG] YpfPeer 1: PING enviado.
25/11/2025 - 15:47:26 [DEBUG] YpfPeer 1: Ping recibido.
25/11/2025 - 15:47:26 [DEBUG] YpfPeer 1: Pong enviado exitosamente
25/11/2025 - 15:47:26 [DEBUG] YpfPeer 1: Pong recibido.
25/11/2025 - 15:47:54 [INFO] Gestor: estado persistido periódicamente
25/11/2025 - 15:47:54 [DEBUG] YpfPeer 3: PING enviado.
25/11/2025 - 15:47:54 [DEBUG] YpfPeer 3: Ping recibido.
25/11/2025 - 15:47:54 [DEBUG] YpfPeer 3: Pong enviado exitosamente
25/11/2025 - 15:47:54 [DEBUG] YpfPeer 3: Pong recibido.
25/11/2025 - 15:47:56 [DEBUG] YpfPeer 1: PING enviado.
25/11/2025 - 15:47:56 [DEBUG] YpfPeer 1: Ping recibido.
25/11/2025 - 15:47:56 [DEBUG] YpfPeer 1: Pong enviado exitosamente
25/11/2025 - 15:47:56 [DEBUG] YpfPeer 1: Pong recibido.
25/11/2025 - 15:48:24 [INFO] Gestor: estado persistido periódicamente
25/11/2025 - 15:48:24 [DEBUG] YpfPeer 3: PING enviado.
25/11/2025 - 15:48:24 [DEBUG] YpfPeer 3: Ping recibido.
25/11/2025 - 15:48:24 [DEBUG] YpfPeer 3: Pong enviado exitosamente
25/11/2025 - 15:48:24 [DEBUG] YpfPeer 3: Pong recibido.
25/11/2025 - 15:48:26 [DEBUG] YpfPeer 1: PING enviado.
25/11/2025 - 15:48:26 [DEBUG] YpfPeer 1: Ping recibido.
25/11/2025 - 15:48:26 [DEBUG] YpfPeer 1: Pong enviado exitosamente
25/11/2025 - 15:48:26 [DEBUG] YpfPeer 1: Pong recibido.
25/11/2025 - 15:48:54 [INFO] Gestor: estado persistido periódicamente
25/11/2025 - 15:48:54 [DEBUG] YpfPeer 3: PING enviado.
25/11/2025 - 15:48:54 [DEBUG] YpfPeer 3: Ping recibido.
25/11/2025 - 15:48:54 [DEBUG] YpfPeer 3: Pong enviado exitosamente
25/11/2025 - 15:48:54 [DEBUG] YpfPeer 3: Pong recibido.
25/11/2025 - 15:48:56 [DEBUG] YpfPeer 1: PING enviado.
25/11/2025 - 15:48:56 [DEBUG] YpfPeer 1: Ping recibido.
25/11/2025 - 15:48:56 [DEBUG] YpfPeer 1: Pong enviado exitosamente
25/11/2025 - 15:48:56 [DEBUG] YpfPeer 1: Pong recibido.
25/11/2025 - 15:49:24 [INFO] Gestor: estado persistido periódicamente
25/11/2025 - 15:49:24 [DEBUG] YpfPeer 3: PING enviado.
25/11/2025 - 15:49:24 [DEBUG] YpfPeer 3: Ping recibido.
25/11/2025 - 15:49:24 [DEBUG] YpfPeer 3: Pong enviado exitosamente
25/11/2025 - 15:49:24 [DEBUG] YpfPeer 3: Pong recibido.
25/11/2025 - 15:49:26 [DEBUG] YpfPeer 1: PING enviado.
25/11/2025 - 15:49:26 [DEBUG] YpfPeer 1: Ping recibido.
25/11/2025 - 15:49:26 [DEBUG] YpfPeer 1: Pong enviado exitosamente
25/11/2025 - 15:49:26 [DEBUG] YpfPeer 1: Pong recibido.
25/11/2025 - 15:49:54 [INFO] Gestor: estado persistido periódicamente
25/11/2025 - 15:49:54 [DEBUG] YpfPeer 3: PING enviado.
25/11/2025 - 15:49:54 [DEBUG] YpfPeer 3: Ping recibido.
25/11/2025 - 15:49:54 [DEBUG] YpfPeer 3: Pong enviado exitosamente
25/11/2025 - 15:49:54 [DEBUG] YpfPeer 3: Pong recibido.
25/11/2025 - 15:49:56 [DEBUG] YpfPeer 1: PING enviado.
25/11/2025 - 15:49:56 [DEBUG] YpfPeer 1: Ping recibido.
25/11/2025 - 15:49:56 [DEBUG] YpfPeer 1: Pong enviado exitosamente
25/11/2025 - 15:49:56 [DEBUG] YpfPeer 1: Pong recibido.
25/11/2025 - 15:50:24 [INFO] Gestor: estado persistido periódicamente
25/11/2025 - 15:50:24 [DEBUG] YpfPeer 3: PING enviado.
25/11/2025 - 15:50:24 [DEBUG] YpfPeer 3: Ping recibido.
25/11/2025 - 15:50:24 [DEBUG] YpfPeer 3: Pong enviado exitosamente
25/11/2025 - 15:50:24 [DEBUG] YpfPeer 3: Pong recibido.
25/11/2025 - 15:50:26 [DEBUG] YpfPeer 1: PING enviado.
25/11/2025 - 15:50:26 [DEBUG] YpfPeer 1: Ping recibido.
25/11/2025 - 15:50:26 [DEBUG] YpfPeer 1: Pong enviado exitosamente
25/11/2025 - 15:50:26 [DEBUG] YpfPeer 1: Pong recibido.
25/11/2025 - 15:50:54 [INFO] Gestor: estado persistido periódicamente
25/11/2025 - 15:50:54 [DEBUG] YpfPeer 3: PING enviado.
25/11/2025 - 15:50:54 [DEBUG] YpfPeer 3: Ping recibido.
25/11/2025 - 15:50:54 [DEBUG] YpfPeer 3: Pong enviado exitosamente
25/11/2025 - 15:50:54 [DEBUG] YpfPeer 3: Pong recibido.
25/11/2025 - 15:50:56 [DEBUG] YpfPeer 1: PING enviado.
25/11/2025 - 15:50:56 [DEBUG] YpfPeer 1: Ping recibido.
25/11/2025 - 15:50:56 [DEBUG] YpfPeer 1: Pong enviado exitosamente
25/11/2025 - 15:50:56 [DEBUG] YpfPeer 1: Pong recibido.
25/11/2025 - 15:51:24 [INFO] Gestor: estado persistido periódicamente
25/11/2025 - 15:51:24 [DEBUG] YpfPeer 3: PING enviado.
25/11/2025 - 15:51:24 [DEBUG] YpfPeer 3: Ping recibido.
25/11/2025 - 15:51:24 [DEBUG] YpfPeer 3: Pong enviado exitosamente
25/11/2025 - 15:51:24 [DEBUG] YpfPeer 3: Pong recibido.
25/11/2025 - 15:51:26 [DEBUG] YpfPeer 1: PING enviado.
25/11/2025 - 15:51:26 [DEBUG] YpfPeer 1: Ping recibido.
25/11/2025 - 15:51:26 [DEBUG] YpfPeer 1: Pong enviado exitosamente
25/11/2025 - 15:51:26 [DEBUG] YpfPeer 1: Pong recibido.
25/11/2025 - 15:51:54 [INFO] Gestor: estado persistido periódicamente
25/11/2025 - 15:51:54 [DEBUG] YpfPeer 3: PING enviado.
25/11/2025 - 15:51:54 [DEBUG] YpfPeer 3: Ping recibido.
25/11/2025 - 15:51:54 [DEBUG] YpfPeer 3: Pong enviado exitosamente
25/11/2025 - 15:51:54 [DEBUG] YpfPeer 3: Pong recibido.
25/11/2025 - 15:51:56 [DEBUG] YpfPeer 1: PING enviado.
25/11/2025 - 15:51:56 [DEBUG] YpfPeer 1: Ping recibido.
25/11/2025 - 15:51:56 [DEBUG] YpfPeer 1: Pong enviado exitosamente
25/11/2025 - 15:51:56 [DEBUG] YpfPeer 1: Pong recibido.
25/11/2025 - 15:52:24 [INFO] Gestor: estado persistido periódicamente
25/11/2025 - 15:52:24 [DEBUG] YpfPeer 3: PING enviado.
25/11/2025 - 15:52:24 [DEBUG] YpfPeer 3: Ping recibido.
25/11/2025 - 15:52:24 [DEBUG] YpfPeer 3: Pong enviado exitosamente
25/11/2025 - 15:52:24 [DEBUG] YpfPeer 3: Pong recibido.
25/11/2025 - 15:52:26 [DEBUG] YpfPeer 1: PING enviado.
25/11/2025 - 15:52:26 [DEBUG] YpfPeer 1: Ping recibido.
25/11/2025 - 15:52:26 [DEBUG] YpfPeer 1: Pong enviado exitosamente
25/11/2025 - 15:52:26 [DEBUG] YpfPeer 1: Pong recibido.
25/11/2025 - 15:52:54 [INFO] Gestor: estado persistido periódicamente
25/11/2025 - 15:52:54 [DEBUG] YpfPeer 3: PING enviado.
25/11/2025 - 15:52:54 [DEBUG] YpfPeer 3: Ping recibido.
25/11/2025 - 15:52:54 [DEBUG] YpfPeer 3: Pong enviado exitosamente
25/11/2025 - 15:52:54 [DEBUG] YpfPeer 3: Pong recibido.
25/11/2025 - 15:52:56 [DEBUG] YpfPeer 1: PING enviado.
25/11/2025 - 15:52:56 [DEBUG] YpfPeer 1: Ping recibido.
25/11/2025 - 15:52:56 [DEBUG] YpfPeer 1: Pong enviado exitosamente
25/11/2025 - 15:52:56 [DEBUG] YpfPeer 1: Pong recibido.
25/11/2025 - 15:53:24 [INFO] Gestor: estado persistido periódicamente
25/11/2025 - 15:53:24 [DEBUG] YpfPeer 3: PING enviado.
25/11/2025 - 15:53:24 [DEBUG] YpfPeer 3: Ping recibido.
25/11/2025 - 15:53:24 [DEBUG] YpfPeer 3: Pong enviado exitosamente
25/11/2025 - 15:53:24 [DEBUG] YpfPeer 3: Pong recibido.
25/11/2025 - 15:53:26 [DEBUG] YpfPeer 1: PING enviado.
25/11/2025 - 15:53:26 [DEBUG] YpfPeer 1: Ping recibido.
25/11/2025 - 15:53:26 [DEBUG] YpfPeer 1: Pong enviado exitosamente
25/11/2025 - 15:53:26 [DEBUG] YpfPeer 1: Pong recibido.
25/11/2025 - 15:53:54 [INFO] Gestor: estado persistido periódicamente
25/11/2025 - 15:53:54 [DEBUG] YpfPeer 3: PING enviado.
25/11/2025 - 15:53:54 [DEBUG] YpfPeer 3: Ping recibido.
25/11/2025 - 15:53:54 [DEBUG] YpfPeer 3: Pong enviado exitosamente
25/11/2025 - 15:53:54 [DEBUG] YpfPeer 3: Pong recibido.
25/11/2025 - 15:53:56 [DEBUG] YpfPeer 1: PING enviado.
25/11/2025 - 15:53:56 [DEBUG] YpfPeer 1: Ping recibido.
25/11/2025 - 15:53:56 [DEBUG] YpfPeer 1: Pong enviado exitosamente
25/11/2025 - 15:53:56 [DEBUG] YpfPeer 1: Pong recibido.
25/11/2025 - 15:54:24 [INFO] Gestor: estado persistido periódicamente
25/11/2025 - 15:54:24 [DEBUG] YpfPeer 3: PING enviado.
25/11/2025 - 15:54:24 [DEBUG] YpfPeer 3: Ping recibido.
25/11/2025 - 15:54:24 [DEBUG] YpfPeer 3: Pong enviado exitosamente
25/11/2025 - 15:54:24 [DEBUG] YpfPeer 3: Pong recibido.
25/11/2025 - 15:54:26 [DEBUG] YpfPeer 1: PING enviado.
25/11/2025 - 15:54:26 [DEBUG] YpfPeer 1: Ping recibido.
25/11/2025 - 15:54:26 [DEBUG] YpfPeer 1: Pong enviado exitosamente
25/11/2025 - 15:54:26 [DEBUG] YpfPeer 1: Pong recibido.
25/11/2025 - 15:54:54 [INFO] Gestor: estado persistido periódicamente
25/11/2025 - 15:54:54 [DEBUG] YpfPeer 3: PING enviado.
25/11/2025 - 15:54:54 [DEBUG] YpfPeer 3: Ping recibido.
25/11/2025 - 15:54:54 [DEBUG] YpfPeer 3: Pong enviado exitosamente
25/11/2025 - 15:54:54 [DEBUG] YpfPeer 3: Pong recibido.
25/11/2025 - 15:54:56 [DEBUG] YpfPeer 1: PING enviado.
25/11/2025 - 15:54:56 [DEBUG] YpfPeer 1: Ping recibido.
25/11/2025 - 15:54:56 [DEBUG] YpfPeer 1: Pong enviado exitosamente
25/11/2025 - 15:54:56 [DEBUG] YpfPeer 1: Pong recibido.
25/11/2025 - 15:55:24 [INFO] Gestor: estado persistido periódicamente
25/11/2025 - 15:55:24 [DEBUG] YpfPeer 3: PING enviado.
25/11/2025 - 15:55:24 [DEBUG] YpfPeer 3: Ping recibido.
25/11/2025 - 15:55:24 [DEBUG] YpfPeer 3: Pong enviado exitosamente
25/11/2025 - 15:55:24 [DEBUG] YpfPeer 3: Pong recibido.
25/11/2025 - 15:55:26 [DEBUG] YpfPeer 1: PING enviado.
25/11/2025 - 15:55:26 [DEBUG] YpfPeer 1: Ping recibido.
25/11/2025 - 15:55:26 [DEBUG] YpfPeer 1: Pong enviado exitosamente
25/11/2025 - 15:55:26 [DEBUG] YpfPeer 1: Pong recibido.
25/11/2025 - 15:55:54 [INFO] Gestor: estado persistido periódicamente
25/11/2025 - 15:55:54 [DEBUG] YpfPeer 3: PING enviado.
25/11/2025 - 15:55:54 [DEBUG] YpfPeer 3: Ping recibido.
25/11/2025 - 15:55:54 [DEBUG] YpfPeer 3: Pong enviado exitosamente
25/11/2025 - 15:55:54 [DEBUG] YpfPeer 3: Pong recibido.
25/11/2025 - 15:55:56 [DEBUG] YpfPeer 1: PING enviado.
25/11/2025 - 15:55:56 [DEBUG] YpfPeer 1: Ping recibido.
25/11/2025 - 15:55:56 [DEBUG] YpfPeer 1: Pong enviado exitosamente
25/11/2025 - 15:55:56 [DEBUG] YpfPeer 1: Pong recibido.
25/11/2025 - 15:56:24 [INFO] Gestor: estado persistido periódicamente
25/11/2025 - 15:56:24 [DEBUG] YpfPeer 3: PING enviado.
25/11/2025 - 15:56:24 [DEBUG] YpfPeer 3: Ping recibido.
25/11/2025 - 15:56:24 [DEBUG] YpfPeer 3: Pong enviado exitosamente
25/11/2025 - 15:56:24 [DEBUG] YpfPeer 3: Pong recibido.
25/11/2025 - 15:56:26 [DEBUG] YpfPeer 1: PING enviado.
25/11/2025 - 15:56:26 [DEBUG] YpfPeer 1: Ping recibido.
25/11/2025 - 15:56:26 [DEBUG] YpfPeer 1: Pong enviado exitosamente
25/11/2025 - 15:56:26 [DEBUG] YpfPeer 1: Pong recibido.
25/11/2025 - 15:56:42 [WARN] YpfPeer 1: Conexión cerrada por el peer remoto.
25/11/2025 - 15:56:42 [WARN] YpfRuta 2: Peer 1 desconectado.
25/11/2025 - 15:57:07 [INFO] YpfRuta 2: Creando instancia
25/11/2025 - 15:57:07 [INFO] Gestor actor iniciado
25/11/2025 - 15:57:07 [INFO] YpfRuta 2: Intentando conectar a peers...
25/11/2025 - 15:57:07 [INFO] YpfRuta 2: Escuchando conexiones entrantes de peers...
25/11/2025 - 15:57:07 [DEBUG] YpfRuta 2: Iniciando procesador de cola de ventas...
25/11/2025 - 15:57:07 [ERROR] YpfPeer 1: Error al obtener socket - No se pudo conectar al YpfPeer 1: Connection refused (os error 111)
25/11/2025 - 15:57:07 [INFO] YpfRuta 2: Peer 1 iniciado.
25/11/2025 - 15:57:07 [INFO] YpfPeer 1: Iniciado correctamente.
25/11/2025 - 15:57:07 [WARN] YpfPeer 1: No se puede iniciar el ping loop sin un socket válido.
25/11/2025 - 15:57:07 [INFO] YpfRuta 2: Peer 3 iniciado.
25/11/2025 - 15:57:07 [INFO] YpfPeer 3: Iniciado correctamente.
25/11/2025 - 15:57:07 [DEBUG] YpfPeer 3: Iniciando ping loop...
25/11/2025 - 15:57:07 [DEBUG] YpfRuta 2: Socket del peer 3 está listo
25/11/2025 - 15:57:07 [DEBUG] YpfPeer 3: Iniciando tarea de escritura del socket...
25/11/2025 - 15:57:07 [DEBUG] YpfPeer 3: Iniciando tarea de lectura del socket...
25/11/2025 - 15:57:07 [DEBUG] YpfRuta 2: Recibido anuncio de COORDINATOR del nodo 3
25/11/2025 - 15:57:07 [INFO] YpfRuta 2: Nodo 3 es el nuevo líder.
25/11/2025 - 15:57:07 [DEBUG] YpfRuta 2: Línea recibida del socket entrante: 
25/11/2025 - 15:57:07 [ERROR] YpfRuta 2: Formato de mensaje inválido. Se esperaba: ID_LOCAL:<ID>, recibido: 
25/11/2025 - 15:57:07 [DEBUG] YpfRuta 2: Línea recibida del socket entrante: ID_LOCAL:1
25/11/2025 - 15:57:07 [DEBUG] YpfRuta 2: Conexión entrante del peer 1
25/11/2025 - 15:57:07 [DEBUG] YpfRuta 2: Peer 1 ya existe, enviando socket
25/11/2025 - 15:57:07 [DEBUG] YpfPeer 1: Guardando socket entrante...
25/11/2025 - 15:57:07 [DEBUG] YpfPeer 1: Iniciando ping loop...
25/11/2025 - 15:57:07 [DEBUG] YpfPeer 1: Socket guardado exitosamente.
25/11/2025 - 15:57:07 [DEBUG] YpfRuta 2: Socket del peer 1 está listo
25/11/2025 - 15:57:07 [DEBUG] YpfPeer 1: Iniciando tarea de escritura del socket...
25/11/2025 - 15:57:07 [DEBUG] YpfPeer 1: Iniciando tarea de lectura del socket...
25/11/2025 - 15:57:37 [INFO] Gestor: estado persistido periódicamente
25/11/2025 - 15:57:37 [DEBUG] YpfPeer 3: PING enviado.
25/11/2025 - 15:57:37 [DEBUG] YpfPeer 3: Ping recibido.
25/11/2025 - 15:57:37 [DEBUG] YpfPeer 3: Pong enviado exitosamente
25/11/2025 - 15:57:37 [DEBUG] YpfPeer 3: Pong recibido.
25/11/2025 - 15:57:37 [DEBUG] YpfPeer 1: PING enviado.
25/11/2025 - 15:57:37 [DEBUG] YpfPeer 1: Ping recibido.
25/11/2025 - 15:57:37 [DEBUG] YpfPeer 1: Pong enviado exitosamente
25/11/2025 - 15:57:37 [DEBUG] YpfPeer 1: Pong recibido.
25/11/2025 - 15:58:07 [INFO] Gestor: estado persistido periódicamente
25/11/2025 - 15:58:07 [DEBUG] YpfPeer 3: PING enviado.
25/11/2025 - 15:58:07 [DEBUG] YpfPeer 3: Ping recibido.
25/11/2025 - 15:58:07 [DEBUG] YpfPeer 3: Pong enviado exitosamente
25/11/2025 - 15:58:07 [DEBUG] YpfPeer 3: Pong recibido.
25/11/2025 - 15:58:07 [DEBUG] YpfPeer 1: PING enviado.
25/11/2025 - 15:58:07 [DEBUG] YpfPeer 1: Ping recibido.
25/11/2025 - 15:58:07 [DEBUG] YpfPeer 1: Pong enviado exitosamente
25/11/2025 - 15:58:07 [DEBUG] YpfPeer 1: Pong recibido.
25/11/2025 - 15:58:37 [INFO] Gestor: estado persistido periódicamente
25/11/2025 - 15:58:37 [DEBUG] YpfPeer 3: PING enviado.
25/11/2025 - 15:58:37 [DEBUG] YpfPeer 3: Ping recibido.
25/11/2025 - 15:58:37 [DEBUG] YpfPeer 3: Pong enviado exitosamente
25/11/2025 - 15:58:37 [DEBUG] YpfPeer 3: Pong recibido.
25/11/2025 - 15:58:37 [DEBUG] YpfPeer 1: PING enviado.
25/11/2025 - 15:58:37 [DEBUG] YpfPeer 1: Ping recibido.
25/11/2025 - 15:58:37 [DEBUG] YpfPeer 1: Pong enviado exitosamente
25/11/2025 - 15:58:37 [DEBUG] YpfPeer 1: Pong recibido.
25/11/2025 - 15:59:07 [INFO] Gestor: estado persistido periódicamente
25/11/2025 - 15:59:07 [DEBUG] YpfPeer 3: PING enviado.
25/11/2025 - 15:59:07 [DEBUG] YpfPeer 3: Ping recibido.
25/11/2025 - 15:59:07 [DEBUG] YpfPeer 3: Pong enviado exitosamente
25/11/2025 - 15:59:07 [DEBUG] YpfPeer 3: Pong recibido.
25/11/2025 - 15:59:07 [DEBUG] YpfPeer 1: PING enviado.
25/11/2025 - 15:59:07 [DEBUG] YpfPeer 1: Ping recibido.
25/11/2025 - 15:59:07 [DEBUG] YpfPeer 1: Pong enviado exitosamente
25/11/2025 - 15:59:07 [DEBUG] YpfPeer 1: Pong recibido.
25/11/2025 - 15:59:37 [INFO] Gestor: estado persistido periódicamente
25/11/2025 - 15:59:37 [DEBUG] YpfPeer 3: PING enviado.
25/11/2025 - 15:59:37 [DEBUG] YpfPeer 3: Ping recibido.
25/11/2025 - 15:59:37 [DEBUG] YpfPeer 3: Pong enviado exitosamente
25/11/2025 - 15:59:37 [DEBUG] YpfPeer 3: Pong recibido.
25/11/2025 - 15:59:37 [DEBUG] YpfPeer 1: PING enviado.
25/11/2025 - 15:59:37 [DEBUG] YpfPeer 1: Ping recibido.
25/11/2025 - 15:59:37 [DEBUG] YpfPeer 1: Pong enviado exitosamente
25/11/2025 - 15:59:37 [DEBUG] YpfPeer 1: Pong recibido.
25/11/2025 - 16:00:07 [INFO] Gestor: estado persistido periódicamente
25/11/2025 - 16:00:07 [DEBUG] YpfPeer 3: PING enviado.
25/11/2025 - 16:00:07 [DEBUG] YpfPeer 3: Ping recibido.
25/11/2025 - 16:00:07 [DEBUG] YpfPeer 3: Pong enviado exitosamente
25/11/2025 - 16:00:07 [DEBUG] YpfPeer 3: Pong recibido.
25/11/2025 - 16:00:07 [DEBUG] YpfPeer 1: PING enviado.
25/11/2025 - 16:00:07 [DEBUG] YpfPeer 1: Ping recibido.
25/11/2025 - 16:00:07 [DEBUG] YpfPeer 1: Pong enviado exitosamente
25/11/2025 - 16:00:07 [DEBUG] YpfPeer 1: Pong recibido.
25/11/2025 - 16:00:37 [INFO] Gestor: estado persistido periódicamente
25/11/2025 - 16:00:37 [DEBUG] YpfPeer 3: PING enviado.
25/11/2025 - 16:00:37 [DEBUG] YpfPeer 3: Ping recibido.
25/11/2025 - 16:00:37 [DEBUG] YpfPeer 3: Pong enviado exitosamente
25/11/2025 - 16:00:37 [DEBUG] YpfPeer 3: Pong recibido.
25/11/2025 - 16:00:37 [DEBUG] YpfPeer 1: PING enviado.
25/11/2025 - 16:00:37 [DEBUG] YpfPeer 1: Ping recibido.
25/11/2025 - 16:00:37 [DEBUG] YpfPeer 1: Pong enviado exitosamente
25/11/2025 - 16:00:37 [DEBUG] YpfPeer 1: Pong recibido.
25/11/2025 - 16:01:07 [INFO] Gestor: estado persistido periódicamente
25/11/2025 - 16:01:07 [DEBUG] YpfPeer 3: PING enviado.
25/11/2025 - 16:01:07 [DEBUG] YpfPeer 3: Ping recibido.
25/11/2025 - 16:01:07 [DEBUG] YpfPeer 3: Pong enviado exitosamente
25/11/2025 - 16:01:07 [DEBUG] YpfPeer 3: Pong recibido.
25/11/2025 - 16:01:07 [DEBUG] YpfPeer 1: PING enviado.
25/11/2025 - 16:01:07 [DEBUG] YpfPeer 1: Ping recibido.
25/11/2025 - 16:01:07 [DEBUG] YpfPeer 1: Pong enviado exitosamente
25/11/2025 - 16:01:07 [DEBUG] YpfPeer 1: Pong recibido.
25/11/2025 - 16:01:37 [INFO] Gestor: estado persistido periódicamente
25/11/2025 - 16:01:37 [DEBUG] YpfPeer 3: PING enviado.
25/11/2025 - 16:01:37 [DEBUG] YpfPeer 3: Ping recibido.
25/11/2025 - 16:01:37 [DEBUG] YpfPeer 3: Pong enviado exitosamente
25/11/2025 - 16:01:37 [DEBUG] YpfPeer 3: Pong recibido.
25/11/2025 - 16:01:37 [DEBUG] YpfPeer 1: PING enviado.
25/11/2025 - 16:01:37 [DEBUG] YpfPeer 1: Ping recibido.
25/11/2025 - 16:01:37 [DEBUG] YpfPeer 1: Pong enviado exitosamente
25/11/2025 - 16:01:37 [DEBUG] YpfPeer 1: Pong recibido.
25/11/2025 - 16:02:07 [INFO] Gestor: estado persistido periódicamente
25/11/2025 - 16:02:07 [DEBUG] YpfPeer 3: PING enviado.
25/11/2025 - 16:02:07 [DEBUG] YpfPeer 3: Ping recibido.
25/11/2025 - 16:02:07 [DEBUG] YpfPeer 3: Pong enviado exitosamente
25/11/2025 - 16:02:07 [DEBUG] YpfPeer 3: Pong recibido.
25/11/2025 - 16:02:07 [DEBUG] YpfPeer 1: PING enviado.
25/11/2025 - 16:02:07 [DEBUG] YpfPeer 1: Ping recibido.
25/11/2025 - 16:02:07 [DEBUG] YpfPeer 1: Pong enviado exitosamente
25/11/2025 - 16:02:07 [DEBUG] YpfPeer 1: Pong recibido.
25/11/2025 - 16:02:37 [INFO] Gestor: estado persistido periódicamente
25/11/2025 - 16:02:37 [DEBUG] YpfPeer 3: PING enviado.
25/11/2025 - 16:02:37 [DEBUG] YpfPeer 3: Ping recibido.
25/11/2025 - 16:02:37 [DEBUG] YpfPeer 3: Pong enviado exitosamente
25/11/2025 - 16:02:37 [DEBUG] YpfPeer 3: Pong recibido.
25/11/2025 - 16:02:37 [DEBUG] YpfPeer 1: PING enviado.
25/11/2025 - 16:02:37 [DEBUG] YpfPeer 1: Ping recibido.
25/11/2025 - 16:02:37 [DEBUG] YpfPeer 1: Pong enviado exitosamente
25/11/2025 - 16:02:37 [DEBUG] YpfPeer 1: Pong recibido.
25/11/2025 - 16:03:07 [INFO] Gestor: estado persistido periódicamente
25/11/2025 - 16:03:07 [DEBUG] YpfPeer 3: PING enviado.
25/11/2025 - 16:03:07 [DEBUG] YpfPeer 3: Ping recibido.
25/11/2025 - 16:03:07 [DEBUG] YpfPeer 3: Pong enviado exitosamente
25/11/2025 - 16:03:07 [DEBUG] YpfPeer 3: Pong recibido.
25/11/2025 - 16:03:07 [DEBUG] YpfPeer 1: PING enviado.
25/11/2025 - 16:03:07 [DEBUG] YpfPeer 1: Ping recibido.
25/11/2025 - 16:03:07 [DEBUG] YpfPeer 1: Pong enviado exitosamente
25/11/2025 - 16:03:07 [DEBUG] YpfPeer 1: Pong recibido.
25/11/2025 - 16:03:37 [INFO] Gestor: estado persistido periódicamente
25/11/2025 - 16:03:37 [DEBUG] YpfPeer 3: PING enviado.
25/11/2025 - 16:03:37 [DEBUG] YpfPeer 3: Ping recibido.
25/11/2025 - 16:03:37 [DEBUG] YpfPeer 3: Pong enviado exitosamente
25/11/2025 - 16:03:37 [DEBUG] YpfPeer 3: Pong recibido.
25/11/2025 - 16:03:37 [DEBUG] YpfPeer 1: PING enviado.
25/11/2025 - 16:03:37 [DEBUG] YpfPeer 1: Ping recibido.
25/11/2025 - 16:03:37 [DEBUG] YpfPeer 1: Pong enviado exitosamente
25/11/2025 - 16:03:37 [DEBUG] YpfPeer 1: Pong recibido.
25/11/2025 - 16:04:07 [INFO] Gestor: estado persistido periódicamente
25/11/2025 - 16:04:07 [DEBUG] YpfPeer 3: PING enviado.
25/11/2025 - 16:04:07 [DEBUG] YpfPeer 3: Ping recibido.
25/11/2025 - 16:04:07 [DEBUG] YpfPeer 3: Pong enviado exitosamente
25/11/2025 - 16:04:07 [DEBUG] YpfPeer 3: Pong recibido.
25/11/2025 - 16:04:07 [DEBUG] YpfPeer 1: PING enviado.
25/11/2025 - 16:04:07 [DEBUG] YpfPeer 1: Ping recibido.
25/11/2025 - 16:04:07 [DEBUG] YpfPeer 1: Pong enviado exitosamente
25/11/2025 - 16:04:07 [DEBUG] YpfPeer 1: Pong recibido.
25/11/2025 - 16:04:37 [INFO] Gestor: estado persistido periódicamente
25/11/2025 - 16:04:37 [DEBUG] YpfPeer 3: PING enviado.
25/11/2025 - 16:04:37 [DEBUG] YpfPeer 3: Ping recibido.
25/11/2025 - 16:04:37 [DEBUG] YpfPeer 3: Pong enviado exitosamente
25/11/2025 - 16:04:37 [DEBUG] YpfPeer 3: Pong recibido.
25/11/2025 - 16:04:37 [DEBUG] YpfPeer 1: PING enviado.
25/11/2025 - 16:04:37 [DEBUG] YpfPeer 1: Ping recibido.
25/11/2025 - 16:04:37 [DEBUG] YpfPeer 1: Pong enviado exitosamente
25/11/2025 - 16:04:37 [DEBUG] YpfPeer 1: Pong recibido.
25/11/2025 - 16:05:07 [INFO] Gestor: estado persistido periódicamente
25/11/2025 - 16:05:07 [DEBUG] YpfPeer 3: PING enviado.
25/11/2025 - 16:05:07 [DEBUG] YpfPeer 3: Ping recibido.
25/11/2025 - 16:05:07 [DEBUG] YpfPeer 3: Pong enviado exitosamente
25/11/2025 - 16:05:07 [DEBUG] YpfPeer 3: Pong recibido.
25/11/2025 - 16:05:07 [DEBUG] YpfPeer 1: PING enviado.
25/11/2025 - 16:05:07 [DEBUG] YpfPeer 1: Ping recibido.
25/11/2025 - 16:05:07 [DEBUG] YpfPeer 1: Pong enviado exitosamente
25/11/2025 - 16:05:07 [DEBUG] YpfPeer 1: Pong recibido.
